------------------------------------------------------
--------------------Extraction Log--------------------
--------------------10/2/2021 2:27:43 AM-------------
------------------------------------------------------


file:: playlists_r5.txt {
Extraction Status: Succesful
};


file:: splitscreen_config.txt {
Extraction Status: Succesful
};


file:: gameinfo.txt {
Extraction Status: Succesful
};


file:: net_prophuff.dat {
Extraction Status: Succesful
};


file:: autoexec_client_dev.cfg {
Extraction Status: Succesful
};


file:: autoexec_server.cfg {
Extraction Status: Succesful
};


file:: startup_dedi_retail.cfg {
Extraction Status: Succesful
};


file:: gamepad_stick_layout_legacy_southpaw.cfg {
Extraction Status: Succesful
};


file:: gamepad_stick_layout_southpaw.cfg {
Extraction Status: Succesful
};


file:: gamepad_stick_layout_default.cfg {
Extraction Status: Succesful
};


file:: gamepad_stick_layout_legacy.cfg {
Extraction Status: Succesful
};


file:: autoexec_server_dev.cfg {
Extraction Status: Succesful
};


file:: startup_retail.cfg {
Extraction Status: Succesful
};


file:: startup_dedi.cfg {
Extraction Status: Succesful
};


file:: startup.cfg {
Extraction Status: Succesful
};


file:: gamepad_button_layout_custom.cfg {
Extraction Status: Succesful
};


file:: spmp.cfg {
Extraction Status: Succesful
};


file:: autoexec_client.cfg {
Extraction Status: Succesful
};


file:: aimcurve_look_1.txt {
Extraction Status: Succesful
};


file:: aimcurve_look_4.txt {
Extraction Status: Succesful
};


file:: aimcurve_look_0.txt {
Extraction Status: Succesful
};


file:: aimcurve_look_3.txt {
Extraction Status: Succesful
};


file:: accelcurve.txt {
Extraction Status: Succesful
};


file:: aimcurve_look_2.txt {
Extraction Status: Succesful
};


file:: looksensitivity_titan_zoomed.txt {
Extraction Status: Succesful
};


file:: looksensitivity_zoomed.txt {
Extraction Status: Succesful
};


file:: looksensitivity_titan.txt {
Extraction Status: Succesful
};


file:: looksensitivity.txt {
Extraction Status: Succesful
};


file:: intro_captions.txt {
Extraction Status: Succesful
};


file:: titanfall-regular.vfont {
Extraction Status: Succesful
};


file:: metronicpro-semibold.vfont {
Extraction Status: Succesful
};


file:: metronicpro-regular.vfont {
Extraction Status: Succesful
};


file:: notosansjp-regular.vfont {
Extraction Status: Succesful
};


file:: notosanstc-regular.vfont {
Extraction Status: Succesful
};


file:: localization_files.txt {
Extraction Status: Succesful
};


file:: tips_data.txt {
Extraction Status: Succesful
};


file:: vgui_english.txt {
Extraction Status: Succesful
};


file:: basemodui_scheme.res {
Extraction Status: Succesful
};


file:: hudlayout.res {
Extraction Status: Succesful
};


file:: clientscheme.res {
Extraction Status: Succesful
};


file:: sourcescheme.res {
Extraction Status: Succesful
};


file:: hudscriptedscheme.res {
Extraction Status: Succesful
};


file:: vpk_flagset.info {
Extraction Status: Succesful
};


file:: base_english.txt {
Extraction Status: Succesful
};


file:: arenas_schinese.txt {
Extraction Status: Succesful
};


file:: arenas_tchinese.txt {
Extraction Status: Succesful
};


file:: arenas_korean.txt {
Extraction Status: Succesful
};


file:: arenas_japanese.txt {
Extraction Status: Succesful
};


file:: arenas_russian.txt {
Extraction Status: Succesful
};


file:: arenas_polish.txt {
Extraction Status: Succesful
};


file:: arenas_german.txt {
Extraction Status: Succesful
};


file:: arenas_french.txt {
Extraction Status: Succesful
};


file:: arenas_portuguese.txt {
Extraction Status: Succesful
};


file:: arenas_italian.txt {
Extraction Status: Succesful
};


file:: arenas_spanish.txt {
Extraction Status: Succesful
};


file:: arenas_english.txt {
Extraction Status: Succesful
};


file:: base_tchinese.txt {
Extraction Status: Succesful
};


file:: base_schinese.txt {
Extraction Status: Succesful
};


file:: base_japanese.txt {
Extraction Status: Succesful
};


file:: base_korean.txt {
Extraction Status: Succesful
};


file:: base_russian.txt {
Extraction Status: Succesful
};


file:: base_portuguese.txt {
Extraction Status: Succesful
};


file:: base_polish.txt {
Extraction Status: Succesful
};


file:: base_spanish.txt {
Extraction Status: Succesful
};


file:: base_german.txt {
Extraction Status: Succesful
};


file:: base_italian.txt {
Extraction Status: Succesful
};


file:: base_french.txt {
Extraction Status: Succesful
};


file:: fuse_japanese.txt {
Extraction Status: Succesful
};


file:: rampart_tchinese.txt {
Extraction Status: Succesful
};


file:: rampart_schinese.txt {
Extraction Status: Succesful
};


file:: rampart_japanese.txt {
Extraction Status: Succesful
};


file:: rampart_korean.txt {
Extraction Status: Succesful
};


file:: seer_tchinese.txt {
Extraction Status: Succesful
};


file:: seer_schinese.txt {
Extraction Status: Succesful
};


file:: seer_japanese.txt {
Extraction Status: Succesful
};


file:: seer_korean.txt {
Extraction Status: Succesful
};


file:: fuse_polish.txt {
Extraction Status: Succesful
};


file:: revenant_tchinese.txt {
Extraction Status: Succesful
};


file:: revenant_schinese.txt {
Extraction Status: Succesful
};


file:: fuse_portuguese.txt {
Extraction Status: Succesful
};


file:: revenant_japanese.txt {
Extraction Status: Succesful
};


file:: loba_tchinese.txt {
Extraction Status: Succesful
};


file:: loba_schinese.txt {
Extraction Status: Succesful
};


file:: octane_tchinese.txt {
Extraction Status: Succesful
};


file:: revenant_korean.txt {
Extraction Status: Succesful
};


file:: octane_japanese.txt {
Extraction Status: Succesful
};


file:: loba_japanese.txt {
Extraction Status: Succesful
};


file:: caustic_tchinese.txt {
Extraction Status: Succesful
};


file:: octane_schinese.txt {
Extraction Status: Succesful
};


file:: mirage_tchinese.txt {
Extraction Status: Succesful
};


file:: bangalore_tchinese.txt {
Extraction Status: Succesful
};


file:: caustic_schinese.txt {
Extraction Status: Succesful
};


file:: caustic_japanese.txt {
Extraction Status: Succesful
};


file:: wattson_tchinese.txt {
Extraction Status: Succesful
};


file:: octane_korean.txt {
Extraction Status: Succesful
};


file:: mirage_schinese.txt {
Extraction Status: Succesful
};


file:: bangalore_japanese.txt {
Extraction Status: Succesful
};


file:: rampart_polish.txt {
Extraction Status: Succesful
};


file:: rampart_russian.txt {
Extraction Status: Succesful
};


file:: loba_korean.txt {
Extraction Status: Succesful
};


file:: rampart_portuguese.txt {
Extraction Status: Succesful
};


file:: lifeline_tchinese.txt {
Extraction Status: Succesful
};


file:: mirage_japanese.txt {
Extraction Status: Succesful
};


file:: bangalore_schinese.txt {
Extraction Status: Succesful
};


file:: wattson_schinese.txt {
Extraction Status: Succesful
};


file:: caustic_korean.txt {
Extraction Status: Succesful
};


file:: rampart_spanish.txt {
Extraction Status: Succesful
};


file:: bangalore_korean.txt {
Extraction Status: Succesful
};


file:: lifeline_schinese.txt {
Extraction Status: Succesful
};


file:: rampart_italian.txt {
Extraction Status: Succesful
};


file:: rampart_german.txt {
Extraction Status: Succesful
};


file:: mirage_korean.txt {
Extraction Status: Succesful
};


file:: wraith_tchinese.txt {
Extraction Status: Succesful
};


file:: lifeline_japanese.txt {
Extraction Status: Succesful
};


file:: wraith_japanese.txt {
Extraction Status: Succesful
};


file:: wraith_schinese.txt {
Extraction Status: Succesful
};


file:: wattson_korean.txt {
Extraction Status: Succesful
};


file:: wattson_japanese.txt {
Extraction Status: Succesful
};


file:: rampart_french.txt {
Extraction Status: Succesful
};


file:: lifeline_korean.txt {
Extraction Status: Succesful
};


file:: seer_russian.txt {
Extraction Status: Succesful
};


file:: seer_polish.txt {
Extraction Status: Succesful
};


file:: seer_spanish.txt {
Extraction Status: Succesful
};


file:: seer_portuguese.txt {
Extraction Status: Succesful
};


file:: seer_german.txt {
Extraction Status: Succesful
};


file:: seer_french.txt {
Extraction Status: Succesful
};


file:: horizon_english.txt {
Extraction Status: Succesful
};


file:: wraith_korean.txt {
Extraction Status: Succesful
};


file:: seer_italian.txt {
Extraction Status: Succesful
};


file:: valkyrie_portuguese.txt {
Extraction Status: Succesful
};


file:: rampart_english.txt {
Extraction Status: Succesful
};


file:: revenant_polish.txt {
Extraction Status: Succesful
};


file:: revenant_russian.txt {
Extraction Status: Succesful
};


file:: revenant_italian.txt {
Extraction Status: Succesful
};


file:: revenant_german.txt {
Extraction Status: Succesful
};


file:: revenant_portuguese.txt {
Extraction Status: Succesful
};


file:: octane_russian.txt {
Extraction Status: Succesful
};


file:: revenant_spanish.txt {
Extraction Status: Succesful
};


file:: octane_german.txt {
Extraction Status: Succesful
};


file:: revenant_french.txt {
Extraction Status: Succesful
};


file:: caustic_russian.txt {
Extraction Status: Succesful
};


file:: bangalore_russian.txt {
Extraction Status: Succesful
};


file:: octane_polish.txt {
Extraction Status: Succesful
};


file:: mirage_russian.txt {
Extraction Status: Succesful
};


file:: octane_italian.txt {
Extraction Status: Succesful
};


file:: octane_spanish.txt {
Extraction Status: Succesful
};


file:: octane_portuguese.txt {
Extraction Status: Succesful
};


file:: octane_french.txt {
Extraction Status: Succesful
};


file:: caustic_german.txt {
Extraction Status: Succesful
};


file:: caustic_polish.txt {
Extraction Status: Succesful
};


file:: bangalore_german.txt {
Extraction Status: Succesful
};


file:: bangalore_polish.txt {
Extraction Status: Succesful
};


file:: loba_polish.txt {
Extraction Status: Succesful
};


file:: seer_english.txt {
Extraction Status: Succesful
};


file:: caustic_italian.txt {
Extraction Status: Succesful
};


file:: caustic_french.txt {
Extraction Status: Succesful
};


file:: loba_russian.txt {
Extraction Status: Succesful
};


file:: caustic_spanish.txt {
Extraction Status: Succesful
};


file:: caustic_portuguese.txt {
Extraction Status: Succesful
};


file:: lifeline_russian.txt {
Extraction Status: Succesful
};


file:: bangalore_italian.txt {
Extraction Status: Succesful
};


file:: mirage_german.txt {
Extraction Status: Succesful
};


file:: bangalore_spanish.txt {
Extraction Status: Succesful
};


file:: loba_spanish.txt {
Extraction Status: Succesful
};


file:: mirage_polish.txt {
Extraction Status: Succesful
};


file:: mirage_italian.txt {
Extraction Status: Succesful
};


file:: bangalore_portuguese.txt {
Extraction Status: Succesful
};


file:: loba_german.txt {
Extraction Status: Succesful
};


file:: mirage_portuguese.txt {
Extraction Status: Succesful
};


file:: bangalore_french.txt {
Extraction Status: Succesful
};


file:: loba_portuguese.txt {
Extraction Status: Succesful
};


file:: wattson_russian.txt {
Extraction Status: Succesful
};


file:: mirage_spanish.txt {
Extraction Status: Succesful
};


file:: wraith_russian.txt {
Extraction Status: Succesful
};


file:: loba_italian.txt {
Extraction Status: Succesful
};


file:: loba_french.txt {
Extraction Status: Succesful
};


file:: lifeline_german.txt {
Extraction Status: Succesful
};


file:: wattson_german.txt {
Extraction Status: Succesful
};


file:: mirage_french.txt {
Extraction Status: Succesful
};


file:: wattson_spanish.txt {
Extraction Status: Succesful
};


file:: wattson_polish.txt {
Extraction Status: Succesful
};


file:: lifeline_portuguese.txt {
Extraction Status: Succesful
};


file:: lifeline_italian.txt {
Extraction Status: Succesful
};


file:: lifeline_spanish.txt {
Extraction Status: Succesful
};


file:: lifeline_polish.txt {
Extraction Status: Succesful
};


file:: wattson_portuguese.txt {
Extraction Status: Succesful
};


file:: bloodhound_tchinese.txt {
Extraction Status: Succesful
};


file:: valkyrie_english.txt {
Extraction Status: Succesful
};


file:: wattson_italian.txt {
Extraction Status: Succesful
};


file:: wraith_polish.txt {
Extraction Status: Succesful
};


file:: lifeline_french.txt {
Extraction Status: Succesful
};


file:: wattson_french.txt {
Extraction Status: Succesful
};


file:: bloodhound_schinese.txt {
Extraction Status: Succesful
};


file:: wraith_german.txt {
Extraction Status: Succesful
};


file:: wraith_spanish.txt {
Extraction Status: Succesful
};


file:: wraith_italian.txt {
Extraction Status: Succesful
};


file:: bloodhound_japanese.txt {
Extraction Status: Succesful
};


file:: wraith_portuguese.txt {
Extraction Status: Succesful
};


file:: wraith_french.txt {
Extraction Status: Succesful
};


file:: bloodhound_korean.txt {
Extraction Status: Succesful
};


file:: revenant_english.txt {
Extraction Status: Succesful
};


file:: loba_english.txt {
Extraction Status: Succesful
};


file:: octane_english.txt {
Extraction Status: Succesful
};


file:: bangalore_english.txt {
Extraction Status: Succesful
};


file:: bloodhound_russian.txt {
Extraction Status: Succesful
};


file:: bloodhound_german.txt {
Extraction Status: Succesful
};


file:: bloodhound_polish.txt {
Extraction Status: Succesful
};


file:: bloodhound_portuguese.txt {
Extraction Status: Succesful
};


file:: bloodhound_french.txt {
Extraction Status: Succesful
};


file:: bloodhound_spanish.txt {
Extraction Status: Succesful
};


file:: bloodhound_italian.txt {
Extraction Status: Succesful
};


file:: caustic_english.txt {
Extraction Status: Succesful
};


file:: lifeline_english.txt {
Extraction Status: Succesful
};


file:: wattson_english.txt {
Extraction Status: Succesful
};


file:: mirage_english.txt {
Extraction Status: Succesful
};


file:: wraith_english.txt {
Extraction Status: Succesful
};


file:: bloodhound_english.txt {
Extraction Status: Succesful
};


file:: forge_schinese.txt {
Extraction Status: Succesful
};


file:: forge_tchinese.txt {
Extraction Status: Succesful
};


file:: forge_japanese.txt {
Extraction Status: Succesful
};


file:: forge_korean.txt {
Extraction Status: Succesful
};


file:: dummie_tchinese.txt {
Extraction Status: Succesful
};


file:: dummie_schinese.txt {
Extraction Status: Succesful
};


file:: dummie_japanese.txt {
Extraction Status: Succesful
};


file:: dummie_korean.txt {
Extraction Status: Succesful
};


file:: forge_polish.txt {
Extraction Status: Succesful
};


file:: forge_portuguese.txt {
Extraction Status: Succesful
};


file:: forge_english.txt {
Extraction Status: Succesful
};


file:: forge_russian.txt {
Extraction Status: Succesful
};


file:: forge_spanish.txt {
Extraction Status: Succesful
};


file:: forge_italian.txt {
Extraction Status: Succesful
};


file:: forge_french.txt {
Extraction Status: Succesful
};


file:: forge_german.txt {
Extraction Status: Succesful
};


file:: dummie_russian.txt {
Extraction Status: Succesful
};


file:: dummie_english.txt {
Extraction Status: Succesful
};


file:: dummie_portuguese.txt {
Extraction Status: Succesful
};


file:: dummie_polish.txt {
Extraction Status: Succesful
};


file:: dummie_german.txt {
Extraction Status: Succesful
};


file:: dummie_italian.txt {
Extraction Status: Succesful
};


file:: dummie_french.txt {
Extraction Status: Succesful
};


file:: dummie_spanish.txt {
Extraction Status: Succesful
};


file:: fuse_tchinese.txt {
Extraction Status: Succesful
};


file:: horizon_tchinese.txt {
Extraction Status: Succesful
};


file:: fuse_schinese.txt {
Extraction Status: Succesful
};


file:: horizon_schinese.txt {
Extraction Status: Succesful
};


file:: horizon_japanese.txt {
Extraction Status: Succesful
};


file:: fuse_korean.txt {
Extraction Status: Succesful
};


file:: horizon_korean.txt {
Extraction Status: Succesful
};


file:: valkyrie_tchinese.txt {
Extraction Status: Succesful
};


file:: valkyrie_schinese.txt {
Extraction Status: Succesful
};


file:: fuse_russian.txt {
Extraction Status: Succesful
};


file:: valkyrie_japanese.txt {
Extraction Status: Succesful
};


file:: horizon_polish.txt {
Extraction Status: Succesful
};


file:: fuse_spanish.txt {
Extraction Status: Succesful
};


file:: fuse_italian.txt {
Extraction Status: Succesful
};


file:: horizon_russian.txt {
Extraction Status: Succesful
};


file:: fuse_german.txt {
Extraction Status: Succesful
};


file:: horizon_italian.txt {
Extraction Status: Succesful
};


file:: fuse_french.txt {
Extraction Status: Succesful
};


file:: valkyrie_korean.txt {
Extraction Status: Succesful
};


file:: horizon_spanish.txt {
Extraction Status: Succesful
};


file:: horizon_french.txt {
Extraction Status: Succesful
};


file:: horizon_portuguese.txt {
Extraction Status: Succesful
};


file:: horizon_german.txt {
Extraction Status: Succesful
};


file:: crypto_tchinese.txt {
Extraction Status: Succesful
};


file:: gibraltar_tchinese.txt {
Extraction Status: Succesful
};


file:: crypto_schinese.txt {
Extraction Status: Succesful
};


file:: crypto_japanese.txt {
Extraction Status: Succesful
};


file:: gibraltar_schinese.txt {
Extraction Status: Succesful
};


file:: gibraltar_japanese.txt {
Extraction Status: Succesful
};


file:: gibraltar_korean.txt {
Extraction Status: Succesful
};


file:: crypto_korean.txt {
Extraction Status: Succesful
};


file:: pathfinder_tchinese.txt {
Extraction Status: Succesful
};


file:: pathfinder_schinese.txt {
Extraction Status: Succesful
};


file:: pathfinder_japanese.txt {
Extraction Status: Succesful
};


file:: pathfinder_korean.txt {
Extraction Status: Succesful
};


file:: valkyrie_russian.txt {
Extraction Status: Succesful
};


file:: valkyrie_italian.txt {
Extraction Status: Succesful
};


file:: fuse_english.txt {
Extraction Status: Succesful
};


file:: valkyrie_polish.txt {
Extraction Status: Succesful
};


file:: valkyrie_german.txt {
Extraction Status: Succesful
};


file:: valkyrie_spanish.txt {
Extraction Status: Succesful
};


file:: valkyrie_french.txt {
Extraction Status: Succesful
};


file:: gibraltar_russian.txt {
Extraction Status: Succesful
};


file:: crypto_russian.txt {
Extraction Status: Succesful
};


file:: gibraltar_german.txt {
Extraction Status: Succesful
};


file:: crypto_german.txt {
Extraction Status: Succesful
};


file:: crypto_polish.txt {
Extraction Status: Succesful
};


file:: gibraltar_portuguese.txt {
Extraction Status: Succesful
};


file:: gibraltar_italian.txt {
Extraction Status: Succesful
};


file:: crypto_portuguese.txt {
Extraction Status: Succesful
};


file:: gibraltar_spanish.txt {
Extraction Status: Succesful
};


file:: gibraltar_polish.txt {
Extraction Status: Succesful
};


file:: gibraltar_french.txt {
Extraction Status: Succesful
};


file:: crypto_italian.txt {
Extraction Status: Succesful
};


file:: crypto_spanish.txt {
Extraction Status: Succesful
};


file:: crypto_french.txt {
Extraction Status: Succesful
};


file:: pathfinder_russian.txt {
Extraction Status: Succesful
};


file:: pathfinder_german.txt {
Extraction Status: Succesful
};


file:: pathfinder_polish.txt {
Extraction Status: Succesful
};


file:: pathfinder_italian.txt {
Extraction Status: Succesful
};


file:: pathfinder_portuguese.txt {
Extraction Status: Succesful
};


file:: pathfinder_spanish.txt {
Extraction Status: Succesful
};


file:: pathfinder_french.txt {
Extraction Status: Succesful
};


file:: crypto_english.txt {
Extraction Status: Succesful
};


file:: gibraltar_english.txt {
Extraction Status: Succesful
};


file:: pathfinder_english.txt {
Extraction Status: Succesful
};


file:: charms_tchinese.txt {
Extraction Status: Succesful
};


file:: charms_schinese.txt {
Extraction Status: Succesful
};


file:: charms_korean.txt {
Extraction Status: Succesful
};


file:: charms_japanese.txt {
Extraction Status: Succesful
};


file:: charms_english.txt {
Extraction Status: Succesful
};


file:: charms_german.txt {
Extraction Status: Succesful
};


file:: charms_polish.txt {
Extraction Status: Succesful
};


file:: charms_russian.txt {
Extraction Status: Succesful
};


file:: charms_french.txt {
Extraction Status: Succesful
};


file:: charms_portuguese.txt {
Extraction Status: Succesful
};


file:: charms_italian.txt {
Extraction Status: Succesful
};


file:: charms_spanish.txt {
Extraction Status: Succesful
};


file:: holosprays_tchinese.txt {
Extraction Status: Succesful
};


file:: holosprays_schinese.txt {
Extraction Status: Succesful
};


file:: holosprays_japanese.txt {
Extraction Status: Succesful
};


file:: holosprays_korean.txt {
Extraction Status: Succesful
};


file:: holosprays_english.txt {
Extraction Status: Succesful
};


file:: holosprays_polish.txt {
Extraction Status: Succesful
};


file:: holosprays_russian.txt {
Extraction Status: Succesful
};


file:: holosprays_portuguese.txt {
Extraction Status: Succesful
};


file:: holosprays_german.txt {
Extraction Status: Succesful
};


file:: holosprays_italian.txt {
Extraction Status: Succesful
};


file:: holosprays_spanish.txt {
Extraction Status: Succesful
};


file:: holosprays_french.txt {
Extraction Status: Succesful
};


file:: challenges_tchinese.txt {
Extraction Status: Succesful
};


file:: challenges_schinese.txt {
Extraction Status: Succesful
};


file:: challenges_korean.txt {
Extraction Status: Succesful
};


file:: challenges_japanese.txt {
Extraction Status: Succesful
};


file:: battlepass_tchinese.txt {
Extraction Status: Succesful
};


file:: battlepass_schinese.txt {
Extraction Status: Succesful
};


file:: clubs_tchinese.txt {
Extraction Status: Succesful
};


file:: clubs_schinese.txt {
Extraction Status: Succesful
};


file:: battlepass_japanese.txt {
Extraction Status: Succesful
};


file:: clubs_korean.txt {
Extraction Status: Succesful
};


file:: clubs_japanese.txt {
Extraction Status: Succesful
};


file:: battlepass_korean.txt {
Extraction Status: Succesful
};


file:: challenges_german.txt {
Extraction Status: Succesful
};


file:: challenges_portuguese.txt {
Extraction Status: Succesful
};


file:: challenges_italian.txt {
Extraction Status: Succesful
};


file:: challenges_french.txt {
Extraction Status: Succesful
};


file:: challenges_spanish.txt {
Extraction Status: Succesful
};


file:: challenges_russian.txt {
Extraction Status: Succesful
};


file:: challenges_polish.txt {
Extraction Status: Succesful
};


file:: challenges_english.txt {
Extraction Status: Succesful
};


file:: clubs_polish.txt {
Extraction Status: Succesful
};


file:: clubs_russian.txt {
Extraction Status: Succesful
};


file:: clubs_italian.txt {
Extraction Status: Succesful
};


file:: clubs_portuguese.txt {
Extraction Status: Succesful
};


file:: clubs_german.txt {
Extraction Status: Succesful
};


file:: clubs_spanish.txt {
Extraction Status: Succesful
};


file:: clubs_french.txt {
Extraction Status: Succesful
};


file:: battlepass_italian.txt {
Extraction Status: Succesful
};


file:: battlepass_polish.txt {
Extraction Status: Succesful
};


file:: battlepass_russian.txt {
Extraction Status: Succesful
};


file:: battlepass_portuguese.txt {
Extraction Status: Succesful
};


file:: battlepass_german.txt {
Extraction Status: Succesful
};


file:: clubs_english.txt {
Extraction Status: Succesful
};


file:: battlepass_spanish.txt {
Extraction Status: Succesful
};


file:: battlepass_french.txt {
Extraction Status: Succesful
};


file:: battlepass_english.txt {
Extraction Status: Succesful
};


file:: seasonquest_tchinese.txt {
Extraction Status: Succesful
};


file:: seasonquest_schinese.txt {
Extraction Status: Succesful
};


file:: seasonquest_japanese.txt {
Extraction Status: Succesful
};


file:: seasonquest_korean.txt {
Extraction Status: Succesful
};


file:: seasonquest_russian.txt {
Extraction Status: Succesful
};


file:: seasonquest_polish.txt {
Extraction Status: Succesful
};


file:: seasonquest_english.txt {
Extraction Status: Succesful
};


file:: seasonquest_portuguese.txt {
Extraction Status: Succesful
};


file:: seasonquest_italian.txt {
Extraction Status: Succesful
};


file:: seasonquest_spanish.txt {
Extraction Status: Succesful
};


file:: seasonquest_german.txt {
Extraction Status: Succesful
};


file:: seasonquest_french.txt {
Extraction Status: Succesful
};


file:: beasthunter_schinese.txt {
Extraction Status: Succesful
};


file:: beasthunter_tchinese.txt {
Extraction Status: Succesful
};


file:: beasthunter_korean.txt {
Extraction Status: Succesful
};


file:: beasthunter_japanese.txt {
Extraction Status: Succesful
};


file:: beasthunter_spanish.txt {
Extraction Status: Succesful
};


file:: beasthunter_polish.txt {
Extraction Status: Succesful
};


file:: beasthunter_french.txt {
Extraction Status: Succesful
};


file:: beasthunter_italian.txt {
Extraction Status: Succesful
};


file:: beasthunter_russian.txt {
Extraction Status: Succesful
};


file:: beasthunter_german.txt {
Extraction Status: Succesful
};


file:: beasthunter_portuguese.txt {
Extraction Status: Succesful
};


file:: beasthunter_english.txt {
Extraction Status: Succesful
};


file:: steam_schinese.txt {
Extraction Status: Succesful
};


file:: steam_tchinese.txt {
Extraction Status: Succesful
};


file:: cinematic_japanese.txt {
Extraction Status: Succesful
};


file:: hover_vehicle_tchinese.txt {
Extraction Status: Succesful
};


file:: hover_vehicle_schinese.txt {
Extraction Status: Succesful
};


file:: hover_vehicle_japanese.txt {
Extraction Status: Succesful
};


file:: cinematic_tchinese.txt {
Extraction Status: Succesful
};


file:: cinematic_schinese.txt {
Extraction Status: Succesful
};


file:: hover_vehicle_korean.txt {
Extraction Status: Succesful
};


file:: cinematic_korean.txt {
Extraction Status: Succesful
};


file:: steam_japanese.txt {
Extraction Status: Succesful
};


file:: steam_korean.txt {
Extraction Status: Succesful
};


file:: cinematic_english.txt {
Extraction Status: Succesful
};


file:: hover_vehicle_polish.txt {
Extraction Status: Succesful
};


file:: hover_vehicle_russian.txt {
Extraction Status: Succesful
};


file:: hover_vehicle_portuguese.txt {
Extraction Status: Succesful
};


file:: hover_vehicle_spanish.txt {
Extraction Status: Succesful
};


file:: hover_vehicle_french.txt {
Extraction Status: Succesful
};


file:: hover_vehicle_italian.txt {
Extraction Status: Succesful
};


file:: cinematic_mspanish.txt {
Extraction Status: Succesful
};


file:: hover_vehicle_german.txt {
Extraction Status: Succesful
};


file:: cinematic_russian.txt {
Extraction Status: Succesful
};


file:: hover_vehicle_english.txt {
Extraction Status: Succesful
};


file:: cinematic_french.txt {
Extraction Status: Succesful
};


file:: cinematic_spanish.txt {
Extraction Status: Succesful
};


file:: cinematic_polish.txt {
Extraction Status: Succesful
};


file:: cinematic_portuguese.txt {
Extraction Status: Succesful
};


file:: steam_russian.txt {
Extraction Status: Succesful
};


file:: cinematic_german.txt {
Extraction Status: Succesful
};


file:: cinematic_italian.txt {
Extraction Status: Succesful
};


file:: steam_portuguese.txt {
Extraction Status: Succesful
};


file:: steam_english.txt {
Extraction Status: Succesful
};


file:: steam_italian.txt {
Extraction Status: Succesful
};


file:: steam_polish.txt {
Extraction Status: Succesful
};


file:: steam_spanish.txt {
Extraction Status: Succesful
};


file:: steam_french.txt {
Extraction Status: Succesful
};


file:: steam_german.txt {
Extraction Status: Succesful
};


file:: seasoncomic_tchinese.txt {
Extraction Status: Succesful
};


file:: seasoncomic_schinese.txt {
Extraction Status: Succesful
};


file:: seasoncomic_japanese.txt {
Extraction Status: Succesful
};


file:: seasoncomic_korean.txt {
Extraction Status: Succesful
};


file:: seasoncomic_polish.txt {
Extraction Status: Succesful
};


file:: seasoncomic_russian.txt {
Extraction Status: Succesful
};


file:: seasoncomic_portuguese.txt {
Extraction Status: Succesful
};


file:: seasoncomic_spanish.txt {
Extraction Status: Succesful
};


file:: seasoncomic_english.txt {
Extraction Status: Succesful
};


file:: seasoncomic_french.txt {
Extraction Status: Succesful
};


file:: seasoncomic_italian.txt {
Extraction Status: Succesful
};


file:: seasoncomic_german.txt {
Extraction Status: Succesful
};


file:: eula_schinese.txt {
Extraction Status: Succesful
};


file:: eula_tchinese.txt {
Extraction Status: Succesful
};


file:: eula_japanese.txt {
Extraction Status: Succesful
};


file:: eula_korean.txt {
Extraction Status: Succesful
};


file:: eula_english.txt {
Extraction Status: Succesful
};


file:: eula_german.txt {
Extraction Status: Succesful
};


file:: eula_portuguese.txt {
Extraction Status: Succesful
};


file:: eula_spanish.txt {
Extraction Status: Succesful
};


file:: eula_russian.txt {
Extraction Status: Succesful
};


file:: eula_italian.txt {
Extraction Status: Succesful
};


file:: eula_polish.txt {
Extraction Status: Succesful
};


file:: eula_french.txt {
Extraction Status: Succesful
};


file:: hudweapons.res {
Extraction Status: Succesful
};


file:: debugoverlays.res {
Extraction Status: Succesful
};


file:: mpprematch.res {
Extraction Status: Succesful
};


file:: hudscripted_mp.res {
Extraction Status: Succesful
};


file:: huddev.res {
Extraction Status: Succesful
};


file:: huddeathrecap.res {
Extraction Status: Succesful
};


file:: hudscoreboard.res {
Extraction Status: Succesful
};


file:: deverrorscreen.res {
Extraction Status: Succesful
};


file:: genericconfirmation.res {
Extraction Status: Succesful
};


file:: footerpanel.res {
Extraction Status: Succesful
};


file:: slidercontrol.res {
Extraction Status: Succesful
};


file:: loadingprogress.res {
Extraction Status: Succesful
};


file:: button_locked_tooltip.res {
Extraction Status: Succesful
};


file:: system.res {
Extraction Status: Succesful
};


file:: combo_buttons.res {
Extraction Status: Succesful
};


file:: lobby_private_match.menu {
Extraction Status: Succesful
};


file:: dialog_gamemode_select_private_match.menu {
Extraction Status: Succesful
};


file:: survival_ground_list.menu {
Extraction Status: Succesful
};


file:: lobby.menu {
Extraction Status: Succesful
};


file:: notifications.menu {
Extraction Status: Succesful
};


file:: passpurchaselevel.menu {
Extraction Status: Succesful
};


file:: loadscreen_preview.menu {
Extraction Status: Succesful
};


file:: invite_friends.menu {
Extraction Status: Succesful
};


file:: passpurchasepremium.menu {
Extraction Status: Succesful
};


file:: play_video.menu {
Extraction Status: Succesful
};


file:: dialog_processing.menu {
Extraction Status: Succesful
};


file:: dialog_report_player_reason.menu {
Extraction Status: Succesful
};


file:: dialog_player_stats_mode_select.menu {
Extraction Status: Succesful
};


file:: dialog_mode_select.menu {
Extraction Status: Succesful
};


file:: dialog_player_stats_season_select.menu {
Extraction Status: Succesful
};


file:: ingame_mp.menu {
Extraction Status: Succesful
};


file:: dialog_store_vc.menu {
Extraction Status: Succesful
};


file:: system.menu {
Extraction Status: Succesful
};


file:: lore_reader.menu {
Extraction Status: Succesful
};


file:: tournament_connect.menu {
Extraction Status: Succesful
};


file:: store_inspect.menu {
Extraction Status: Succesful
};


file:: misc.menu {
Extraction Status: Succesful
};


file:: dialog_datacenter.menu {
Extraction Status: Succesful
};


file:: season_welcome.menu {
Extraction Status: Succesful
};


file:: about_game_mode.menu {
Extraction Status: Succesful
};


file:: dialog_eula.menu {
Extraction Status: Succesful
};


file:: comic_reader.menu {
Extraction Status: Succesful
};


file:: dialog_clubs_participation.menu {
Extraction Status: Succesful
};


file:: dialog_code_redemption.menu {
Extraction Status: Succesful
};


file:: ranked_info_more.menu {
Extraction Status: Succesful
};


file:: dialog_connecting.menu {
Extraction Status: Succesful
};


file:: postgame_private_match.menu {
Extraction Status: Succesful
};


file:: death_screen.menu {
Extraction Status: Succesful
};


file:: clubs_logo_editor_element_selection.menu {
Extraction Status: Succesful
};


file:: private_match_game_status.menu {
Extraction Status: Succesful
};


file:: main.menu {
Extraction Status: Succesful
};


file:: dialog_clubs_join_requests.menu {
Extraction Status: Succesful
};


file:: clubs_manage_users.menu {
Extraction Status: Succesful
};


file:: reward_ceremony.menu {
Extraction Status: Succesful
};


file:: character_select_new.menu {
Extraction Status: Succesful
};


file:: controls_ads_pc.menu {
Extraction Status: Succesful
};


file:: controls_ads_advanced_console.menu {
Extraction Status: Succesful
};


file:: controls_ads_console.menu {
Extraction Status: Succesful
};


file:: pass_purchase.menu {
Extraction Status: Succesful
};


file:: misc_customize.menu {
Extraction Status: Succesful
};


file:: dialog_clubs_search_tag_selection.menu {
Extraction Status: Succesful
};


file:: ranked_info.menu {
Extraction Status: Succesful
};


file:: gamma.menu {
Extraction Status: Succesful
};


file:: survival_quick_swap.menu {
Extraction Status: Succesful
};


file:: clubs_logo_editor_color_selection.menu {
Extraction Status: Succesful
};


file:: controls_advanced_look.menu {
Extraction Status: Succesful
};


file:: dialog_find_friend.menu {
Extraction Status: Succesful
};


file:: clubs_logo_editor.menu {
Extraction Status: Succesful
};


file:: clubs_creation.menu {
Extraction Status: Succesful
};


file:: arenas_ranked_info.menu {
Extraction Status: Succesful
};


file:: customize_weapon.menu {
Extraction Status: Succesful
};


file:: postgame_freelance.menu {
Extraction Status: Succesful
};


file:: dialog.menu {
Extraction Status: Succesful
};


file:: dialog_report_player.menu {
Extraction Status: Succesful
};


file:: inspect.menu {
Extraction Status: Succesful
};


file:: post_game_ranked.menu {
Extraction Status: Succesful
};


file:: post_game_arenas_ranked.menu {
Extraction Status: Succesful
};


file:: customize_character.menu {
Extraction Status: Succesful
};


file:: survival_inventory.menu {
Extraction Status: Succesful
};


file:: arenas_post_round_summary.menu {
Extraction Status: Succesful
};


file:: postgame.menu {
Extraction Status: Succesful
};


file:: clubs_search.menu {
Extraction Status: Succesful
};


file:: loot_box.menu {
Extraction Status: Succesful
};


file:: arenas_report.menu {
Extraction Status: Succesful
};


file:: private_match_spec_char_select.menu {
Extraction Status: Succesful
};


file:: post_game_battlepass.menu {
Extraction Status: Succesful
};


file:: social.menu {
Extraction Status: Succesful
};


file:: gamepadlayout.menu {
Extraction Status: Succesful
};


file:: dialog_gamemode_select.menu {
Extraction Status: Succesful
};


file:: dev.menu {
Extraction Status: Succesful
};


file:: arenas_buy.menu {
Extraction Status: Succesful
};


file:: story_event_about_rewards.res {
Extraction Status: Succesful
};


file:: select_slot_default.res {
Extraction Status: Succesful
};


file:: select_slot_quips.res {
Extraction Status: Succesful
};


file:: confirm_dialog.menu {
Extraction Status: Succesful
};


file:: story_event_about.menu {
Extraction Status: Succesful
};


file:: promoum.menu {
Extraction Status: Succesful
};


file:: confirm_pack_bundle_purchase.menu {
Extraction Status: Succesful
};


file:: select_slot.menu {
Extraction Status: Succesful
};


file:: collection_event_about.menu {
Extraction Status: Succesful
};


file:: ok_dialog.menu {
Extraction Status: Succesful
};


file:: setteamname_dialog.menu {
Extraction Status: Succesful
};


file:: battle_pass_about_1.menu {
Extraction Status: Succesful
};


file:: character_skills.menu {
Extraction Status: Succesful
};


file:: promo.menu {
Extraction Status: Succesful
};


file:: dialog_reroll.menu {
Extraction Status: Succesful
};


file:: low_pop.menu {
Extraction Status: Succesful
};


file:: launch_mission_dialog.menu {
Extraction Status: Succesful
};


file:: accessibility_dialog.menu {
Extraction Status: Succesful
};


file:: pass_dialog.menu {
Extraction Status: Succesful
};


file:: confirm_purchase.menu {
Extraction Status: Succesful
};


file:: arenas_select_optic.menu {
Extraction Status: Succesful
};


file:: dialog_clubs_announcement.menu {
Extraction Status: Succesful
};


file:: buffet_event_about.menu {
Extraction Status: Succesful
};


file:: promo_footer_buttons.res {
Extraction Status: Succesful
};


file:: promo_preview_buttons.res {
Extraction Status: Succesful
};


file:: private_match_admin_controls.res {
Extraction Status: Succesful
};


file:: tabs_inventory.res {
Extraction Status: Succesful
};


file:: season.res {
Extraction Status: Succesful
};


file:: mainmenu.res {
Extraction Status: Succesful
};


file:: whats_new.res {
Extraction Status: Succesful
};


file:: tabs_season.res {
Extraction Status: Succesful
};


file:: store_heirloom_shop.res {
Extraction Status: Succesful
};


file:: play.res {
Extraction Status: Succesful
};


file:: survival_main_inventory.res {
Extraction Status: Succesful
};


file:: stats_tooltip_field.res {
Extraction Status: Succesful
};


file:: death_screen_spectate.res {
Extraction Status: Succesful
};


file:: player_stats_select_mode_popup.res {
Extraction Status: Succesful
};


file:: player_stats_select_season_popup.res {
Extraction Status: Succesful
};


file:: report_reason_popup.res {
Extraction Status: Succesful
};


file:: panel_club_loading.res {
Extraction Status: Succesful
};


file:: establish_user.res {
Extraction Status: Succesful
};


file:: match_info_player.res {
Extraction Status: Succesful
};


file:: emotes.res {
Extraction Status: Succesful
};


file:: quips.res {
Extraction Status: Succesful
};


file:: card_trackers.res {
Extraction Status: Succesful
};


file:: panel_club_lobby_member_list.res {
Extraction Status: Succesful
};


file:: card_poses.res {
Extraction Status: Succesful
};


file:: card_frames.res {
Extraction Status: Succesful
};


file:: dialog_footer_buttons.res {
Extraction Status: Succesful
};


file:: social_popup.res {
Extraction Status: Succesful
};


file:: survival_quick_inventory.res {
Extraction Status: Succesful
};


file:: dialog_footer_buttons_highpriority.res {
Extraction Status: Succesful
};


file:: mode_popup.res {
Extraction Status: Succesful
};


file:: panel_club_lobby_event_timeline.res {
Extraction Status: Succesful
};


file:: panel_gamemode_selector_private_match_category.res {
Extraction Status: Succesful
};


file:: card_badges.res {
Extraction Status: Succesful
};


file:: dialog_footer_buttons_r2.res {
Extraction Status: Succesful
};


file:: private_match_game_status_roster.res {
Extraction Status: Succesful
};


file:: private_match_spec_char_select_roster.res {
Extraction Status: Succesful
};


file:: character_executions.res {
Extraction Status: Succesful
};


file:: private_match_unassigned_roster.res {
Extraction Status: Succesful
};


file:: private_match_spectator_roster.res {
Extraction Status: Succesful
};


file:: panel_club_lobby_requests.res {
Extraction Status: Succesful
};


file:: panel_club_creation_search_tags.res {
Extraction Status: Succesful
};


file:: private_match_team_roster.res {
Extraction Status: Succesful
};


file:: private_match_placement_roster.res {
Extraction Status: Succesful
};


file:: skydive_trail.res {
Extraction Status: Succesful
};


file:: music_packs.res {
Extraction Status: Succesful
};


file:: panel_club_creation_logo.res {
Extraction Status: Succesful
};


file:: clubs_logo_editor_element_selector.res {
Extraction Status: Succesful
};


file:: establish_user_error.res {
Extraction Status: Succesful
};


file:: store_sku_shop.res {
Extraction Status: Succesful
};


file:: setteamname_box.res {
Extraction Status: Succesful
};


file:: panel_club_details_participation.res {
Extraction Status: Succesful
};


file:: tournament_connect_box.res {
Extraction Status: Succesful
};


file:: panel_club_details.res {
Extraction Status: Succesful
};


file:: panel_club_admin_controls.res {
Extraction Status: Succesful
};


file:: tabs_social.res {
Extraction Status: Succesful
};


file:: tabs_private_match_gamestatus.res {
Extraction Status: Succesful
};


file:: tabs_settings.res {
Extraction Status: Succesful
};


file:: private_match_user_buttons.res {
Extraction Status: Succesful
};


file:: tabs_weapon_customize.res {
Extraction Status: Succesful
};


file:: tabs_inspect_stats.res {
Extraction Status: Succesful
};


file:: legend.res {
Extraction Status: Succesful
};


file:: tabs_character_customize.res {
Extraction Status: Succesful
};


file:: panel_club_request_details.res {
Extraction Status: Succesful
};


file:: tabs_club_lobby.res {
Extraction Status: Succesful
};


file:: tabs_lobby.res {
Extraction Status: Succesful
};


file:: loadscreens.res {
Extraction Status: Succesful
};


file:: store_inspect_panel.res {
Extraction Status: Succesful
};


file:: character_select_portraits_new.res {
Extraction Status: Succesful
};


file:: store_characters.res {
Extraction Status: Succesful
};


file:: weapon_skins.res {
Extraction Status: Succesful
};


file:: character_skins.res {
Extraction Status: Succesful
};


file:: store_loot.res {
Extraction Status: Succesful
};


file:: death_screen_recap.res {
Extraction Status: Succesful
};


file:: panel_club_lobby_chat.res {
Extraction Status: Succesful
};


file:: store.res {
Extraction Status: Succesful
};


file:: footer_buttons.res {
Extraction Status: Succesful
};


file:: club_landing.res {
Extraction Status: Succesful
};


file:: friend_list_panel.res {
Extraction Status: Succesful
};


file:: tabs_store.res {
Extraction Status: Succesful
};


file:: private_match_game_team_overview.res {
Extraction Status: Succesful
};


file:: store_inspect_grid.res {
Extraction Status: Succesful
};


file:: armory.res {
Extraction Status: Succesful
};


file:: store_themed_shop_event.res {
Extraction Status: Succesful
};


file:: character_emotes_old.res {
Extraction Status: Succesful
};


file:: store_collection_event.res {
Extraction Status: Succesful
};


file:: store_vc.res {
Extraction Status: Succesful
};


file:: character_emotes.res {
Extraction Status: Succesful
};


file:: battlepass.res {
Extraction Status: Succesful
};


file:: stats_summary.res {
Extraction Status: Succesful
};


file:: controls_pc.res {
Extraction Status: Succesful
};


file:: characters.res {
Extraction Status: Succesful
};


file:: settings.res {
Extraction Status: Succesful
};


file:: friend_list_grid.res {
Extraction Status: Succesful
};


file:: survival_quick_inventory_grid.res {
Extraction Status: Succesful
};


file:: ads_advanced_controls_gamepad.res {
Extraction Status: Succesful
};


file:: panel_club_discovery.res {
Extraction Status: Succesful
};


file:: character_banners_v2.res {
Extraction Status: Succesful
};


file:: match_info.res {
Extraction Status: Succesful
};


file:: survival_inventory_list.res {
Extraction Status: Succesful
};


file:: user_info.res {
Extraction Status: Succesful
};


file:: ads_controls_gamepad.res {
Extraction Status: Succesful
};


file:: clubs_logo_editor_canvas.res {
Extraction Status: Succesful
};


file:: panel_club_member_settings.res {
Extraction Status: Succesful
};


file:: ads_controls_pc.res {
Extraction Status: Succesful
};


file:: quest.res {
Extraction Status: Succesful
};


file:: death_screen_squad_summary.res {
Extraction Status: Succesful
};


file:: challenges.res {
Extraction Status: Succesful
};


file:: panel_club_lobby.res {
Extraction Status: Succesful
};


file:: squads.res {
Extraction Status: Succesful
};


file:: audio.res {
Extraction Status: Succesful
};


file:: private_match_player_teams.res {
Extraction Status: Succesful
};


file:: private_match_postgame_teams.res {
Extraction Status: Succesful
};


file:: private_match_game_status_teams.res {
Extraction Status: Succesful
};


file:: panel_club_creation_settings.res {
Extraction Status: Succesful
};


file:: panel_club_search_settings.res {
Extraction Status: Succesful
};


file:: video.res {
Extraction Status: Succesful
};


file:: store_ec.res {
Extraction Status: Succesful
};


file:: quest_rewards.res {
Extraction Status: Succesful
};


file:: advanced_look_controls.res {
Extraction Status: Succesful
};


file:: arenas_ranked_rewards.res {
Extraction Status: Succesful
};


file:: collection_event_rewards.res {
Extraction Status: Succesful
};


file:: hud_options.res {
Extraction Status: Succesful
};


file:: ranked_rewards.res {
Extraction Status: Succesful
};


file:: controls.res {
Extraction Status: Succesful
};


file:: battlepass_reward_header.res {
Extraction Status: Succesful
};


file:: surfaceproperties_manifest.txt {
Extraction Status: Succesful
};


file:: hud_textures.txt {
Extraction Status: Succesful
};


file:: vgui_screens.txt {
Extraction Status: Succesful
};


file:: hudanimations.txt {
Extraction Status: Succesful
};


file:: entitlements.rson {
Extraction Status: Succesful
};


file:: surfaceproperties.rson {
Extraction Status: Succesful
};


file:: enginevguilayout.res {
Extraction Status: Succesful
};


file:: kb_act.lst {
Extraction Status: Succesful
};


file:: common_schedules.txt {
Extraction Status: Succesful
};


file:: audio_soundscapes_manifest.txt {
Extraction Status: Succesful
};


file:: audio_soundscapes.txt {
Extraction Status: Succesful
};


file:: soundmeter_busses.rson {
Extraction Status: Succesful
};


file:: banks.rson {
Extraction Status: Succesful
};


file:: environments.rson {
Extraction Status: Succesful
};


file:: damageflags.txt {
Extraction Status: Succesful
};


file:: scripts.rson {
Extraction Status: Succesful
};


file:: sh_challenges.gnut {
Extraction Status: Succesful
};


file:: sh_consts_mp.gnut {
Extraction Status: Succesful
};


file:: feature_flags.gnut {
Extraction Status: Succesful
};


file:: workarounds.gnut {
Extraction Status: Succesful
};


file:: sound.gnut {
Extraction Status: Succesful
};


file:: sh_matchmaking_util.gnut {
Extraction Status: Succesful
};


file:: sh_thirdperson.gnut {
Extraction Status: Succesful
};


file:: realms.gnut {
Extraction Status: Succesful
};


file:: sh_entitystructs.gnut {
Extraction Status: Succesful
};


file:: sh_character_select.gnut {
Extraction Status: Succesful
};


file:: sh_mp_utility_all.gnut {
Extraction Status: Succesful
};


file:: sh_character_glue_forge_on.gnut {
Extraction Status: Succesful
};


file:: sh_matchmaking_status.gnut {
Extraction Status: Succesful
};


file:: menu_camera.gnut {
Extraction Status: Succesful
};


file:: clui_video.gnut {
Extraction Status: Succesful
};


file:: sh_scene_capture.gnut {
Extraction Status: Succesful
};


file:: sh_postgame_data.gnut {
Extraction Status: Succesful
};


file:: sh_loadscreen.gnut {
Extraction Status: Succesful
};


file:: sh_character_abilities.gnut {
Extraction Status: Succesful
};


file:: sh_treasure_box.gnut {
Extraction Status: Succesful
};


file:: sh_weapons.gnut {
Extraction Status: Succesful
};


file:: sh_networkvars.gnut {
Extraction Status: Succesful
};


file:: sh_pak_requests.gnut {
Extraction Status: Succesful
};


file:: sh_death_hints.gnut {
Extraction Status: Succesful
};


file:: _scripttest.gnut {
Extraction Status: Succesful
};


file:: vouchers.gnut {
Extraction Status: Succesful
};


file:: sh_social.gnut {
Extraction Status: Succesful
};


file:: sh_items_per_player_state.gnut {
Extraction Status: Succesful
};


file:: sh_characters.gnut {
Extraction Status: Succesful
};


file:: sh_ehi.gnut {
Extraction Status: Succesful
};


file:: sh_gamepad_utility.gnut {
Extraction Status: Succesful
};


file:: sh_persistent_data.gnut {
Extraction Status: Succesful
};


file:: sh_passives.gnut {
Extraction Status: Succesful
};


file:: sh_xp.gnut {
Extraction Status: Succesful
};


file:: entitlements.gnut {
Extraction Status: Succesful
};


file:: sh_cal_events.gnut {
Extraction Status: Succesful
};


file:: sh_playlists.gnut {
Extraction Status: Succesful
};


file:: menu_scene.gnut {
Extraction Status: Succesful
};


file:: customize_common.gnut {
Extraction Status: Succesful
};


file:: sh_battlepass.gnut {
Extraction Status: Succesful
};


file:: sh_survival_loot_all.gnut {
Extraction Status: Succesful
};


file:: sh_consts.gnut {
Extraction Status: Succesful
};


file:: sh_items.gnut {
Extraction Status: Succesful
};


file:: sh_stats_internals.gnut {
Extraction Status: Succesful
};


file:: sh_season_quest.gnut {
Extraction Status: Succesful
};


file:: sh_loadouts.gnut {
Extraction Status: Succesful
};


file:: sh_utility_all.gnut {
Extraction Status: Succesful
};


file:: sh_character_select_new.gnut {
Extraction Status: Succesful
};


file:: sh_arenas_ranked.gnut {
Extraction Status: Succesful
};


file:: sh_ping.gnut {
Extraction Status: Succesful
};


file:: sh_ranked.gnut {
Extraction Status: Succesful
};


file:: sh_menu_models.gnut {
Extraction Status: Succesful
};


file:: sh_grx.gnut {
Extraction Status: Succesful
};


file:: sh_loot_ceremony.gnut {
Extraction Status: Succesful
};


file:: sh_stats.gnut {
Extraction Status: Succesful
};


file:: time_gated_login_rewards.nut {
Extraction Status: Succesful
};


file:: _threads.nut {
Extraction Status: Succesful
};


file:: sh_timed_event_utility.nut {
Extraction Status: Succesful
};


file:: themed_shop_events.nut {
Extraction Status: Succesful
};


file:: init.nut {
Extraction Status: Succesful
};


file:: buffet_events.nut {
Extraction Status: Succesful
};


file:: _settings.nut {
Extraction Status: Succesful
};


file:: story_challenge_events.nut {
Extraction Status: Succesful
};


file:: collection_events.nut {
Extraction Status: Succesful
};


file:: sh_weapon_cosmetics.nut {
Extraction Status: Succesful
};


file:: sh_character_cosmetics.nut {
Extraction Status: Succesful
};


file:: sh_character_loadouts.nut {
Extraction Status: Succesful
};


file:: sh_dev_utility.nut {
Extraction Status: Succesful
};


file:: private_matches.nut {
Extraction Status: Succesful
};


file:: clubs.nut {
Extraction Status: Succesful
};


file:: loba_passive_eye_for_quality.nut {
Extraction Status: Succesful
};


file:: loba_tactical_translocation.nut {
Extraction Status: Succesful
};


file:: loba_ultimate_black_market.nut {
Extraction Status: Succesful
};


file:: sh_dev_npc_settings.gnut {
Extraction Status: Succesful
};


file:: cclientscripthudelement.nut {
Extraction Status: Succesful
};


file:: cl_chroma.gnut {
Extraction Status: Succesful
};


file:: sh_ambient_dialogue.gnut {
Extraction Status: Succesful
};


file:: sh_freelance.nut {
Extraction Status: Succesful
};


file:: sh_gamemodes.gnut {
Extraction Status: Succesful
};


file:: sh_dev_gamemodes.gnut {
Extraction Status: Succesful
};


file:: sh_gamemode_survival.nut {
Extraction Status: Succesful
};


file:: sh_gamemode_second_chance.nut {
Extraction Status: Succesful
};


file:: sh_gamemode_winterexpress.nut {
Extraction Status: Succesful
};


file:: sh_lobby.gnut {
Extraction Status: Succesful
};


file:: sh_melee.gnut {
Extraction Status: Succesful
};


file:: sh_melee_synced.gnut {
Extraction Status: Succesful
};


file:: _match_preferences.gnut {
Extraction Status: Succesful
};


file:: sh_music.gnut {
Extraction Status: Succesful
};


file:: cl_pintelemetry.gnut {
Extraction Status: Succesful
};


file:: sh_skydive_trails.gnut {
Extraction Status: Succesful
};


file:: sh_quickchat.gnut {
Extraction Status: Succesful
};


file:: sh_gladiator_cards.nut {
Extraction Status: Succesful
};


file:: sh_quips.nut {
Extraction Status: Succesful
};


file:: sh_player_stats_cards.nut {
Extraction Status: Succesful
};


file:: npc_assets.nut {
Extraction Status: Succesful
};


file:: objective_assets.nut {
Extraction Status: Succesful
};


file:: _sectioned_list_panel.gnut {
Extraction Status: Succesful
};


file:: ui_vars.gnut {
Extraction Status: Succesful
};


file:: _scroll_panel.gnut {
Extraction Status: Succesful
};


file:: ui_vscript.gnut {
Extraction Status: Succesful
};


file:: newness.gnut {
Extraction Status: Succesful
};


file:: ui_utility.gnut {
Extraction Status: Succesful
};


file:: _grid_panel.gnut {
Extraction Status: Succesful
};


file:: _death_box_list_panel.gnut {
Extraction Status: Succesful
};


file:: _grid_menu.gnut {
Extraction Status: Succesful
};


file:: menu_private_match_spec_char_select.nut {
Extraction Status: Succesful
};


file:: menu_lobby_private_match.nut {
Extraction Status: Succesful
};


file:: menu_test.nut {
Extraction Status: Succesful
};


file:: menu_loadscreen_preview.nut {
Extraction Status: Succesful
};


file:: menu_lang_aoc_warn.nut {
Extraction Status: Succesful
};


file:: download_aoc_notice.nut {
Extraction Status: Succesful
};


file:: menu_matchmaking_utility.nut {
Extraction Status: Succesful
};


file:: panel_stats_summary.nut {
Extraction Status: Succesful
};


file:: menu_misc.nut {
Extraction Status: Succesful
};


file:: nx_operation_mode_update.nut {
Extraction Status: Succesful
};


file:: panel_stats_performance.nut {
Extraction Status: Succesful
};


file:: menu_collection_event_about.nut {
Extraction Status: Succesful
};


file:: notifications.nut {
Extraction Status: Succesful
};


file:: clui_minimap_coords.nut {
Extraction Status: Succesful
};


file:: panel_death_screen_spectate.nut {
Extraction Status: Succesful
};


file:: menu_about_game_mode.nut {
Extraction Status: Succesful
};


file:: menu_clubs_logo_editor_element_selection.nut {
Extraction Status: Succesful
};


file:: panel_banner_poses.nut {
Extraction Status: Succesful
};


file:: panel_skydive_trail.nut {
Extraction Status: Succesful
};


file:: menu_ranked_info_more.nut {
Extraction Status: Succesful
};


file:: panel_establishuser.nut {
Extraction Status: Succesful
};


file:: menu_accessibility_dialog.nut {
Extraction Status: Succesful
};


file:: panel_quip_kill.nut {
Extraction Status: Succesful
};


file:: panel_quip_intro.nut {
Extraction Status: Succesful
};


file:: panel_death_screen_recap.nut {
Extraction Status: Succesful
};


file:: panel_banner_frames.nut {
Extraction Status: Succesful
};


file:: menu_customize_weapon.nut {
Extraction Status: Succesful
};


file:: _surveys.nut {
Extraction Status: Succesful
};


file:: menu_invite_friends.nut {
Extraction Status: Succesful
};


file:: panel_music_pack.nut {
Extraction Status: Succesful
};


file:: panel_character_executions.nut {
Extraction Status: Succesful
};


file:: menu_tournament_connect.nut {
Extraction Status: Succesful
};


file:: menu_knowledgebase.nut {
Extraction Status: Succesful
};


file:: menu_gamma.nut {
Extraction Status: Succesful
};


file:: menu_controls_ads_console.nut {
Extraction Status: Succesful
};


file:: menu_survival_quick_swap.nut {
Extraction Status: Succesful
};


file:: menu_arenas_post_round_summary.nut {
Extraction Status: Succesful
};


file:: lobby_panel_armory.nut {
Extraction Status: Succesful
};


file:: menu_knowledgebase_submenu.nut {
Extraction Status: Succesful
};


file:: _promo_data.nut {
Extraction Status: Succesful
};


file:: menu_clubs_search_tag_selection_dialog.nut {
Extraction Status: Succesful
};


file:: userinfo.nut {
Extraction Status: Succesful
};


file:: menu_misc_customize.nut {
Extraction Status: Succesful
};


file:: menu_controls_ads_motion.nut {
Extraction Status: Succesful
};


file:: menu_customize_character.nut {
Extraction Status: Succesful
};


file:: panel_banner_trackers_v2.nut {
Extraction Status: Succesful
};


file:: panel_legend.nut {
Extraction Status: Succesful
};


file:: menu_play_video.nut {
Extraction Status: Succesful
};


file:: menu_controls_ads_pc.nut {
Extraction Status: Succesful
};


file:: menu_controls_ads_advanced_console.nut {
Extraction Status: Succesful
};


file:: menu_main.nut {
Extraction Status: Succesful
};


file:: panel_character_emotes_old.nut {
Extraction Status: Succesful
};


file:: panel_character_quips.nut {
Extraction Status: Succesful
};


file:: menu_clubs_participation_dialog.nut {
Extraction Status: Succesful
};


file:: panel_controls_pc.nut {
Extraction Status: Succesful
};


file:: menu_reward_ceremony.nut {
Extraction Status: Succesful
};


file:: menu_eula_dialog.nut {
Extraction Status: Succesful
};


file:: panel_equippable_quips.nut {
Extraction Status: Succesful
};


file:: menu_clubs_logo_editor_color_selection.nut {
Extraction Status: Succesful
};


file:: panel_death_screen_squad_summary.nut {
Extraction Status: Succesful
};


file:: panel_loadscreens.nut {
Extraction Status: Succesful
};


file:: _matchmaking_overlay.nut {
Extraction Status: Succesful
};


file:: _embedded_text.nut {
Extraction Status: Succesful
};


file:: menu_clubs_announcement_dialog.nut {
Extraction Status: Succesful
};


file:: menu_survival_inventory.nut {
Extraction Status: Succesful
};


file:: panel_character_emotes.nut {
Extraction Status: Succesful
};


file:: store_panel_special_currency_shop.nut {
Extraction Status: Succesful
};


file:: lobby_panel_settings.nut {
Extraction Status: Succesful
};


file:: panel_squad.nut {
Extraction Status: Succesful
};


file:: menu_clubs_join_requests_dialog.nut {
Extraction Status: Succesful
};


file:: menu_system.nut {
Extraction Status: Succesful
};


file:: panel_sound.nut {
Extraction Status: Succesful
};


file:: reward_purchase_dialog.nut {
Extraction Status: Succesful
};


file:: sh_tooltips.nut {
Extraction Status: Succesful
};


file:: panel_character_skins.nut {
Extraction Status: Succesful
};


file:: clui_menus.nut {
Extraction Status: Succesful
};


file:: menu_arenas_ranked_info.nut {
Extraction Status: Succesful
};


file:: menu_ingame.nut {
Extraction Status: Succesful
};


file:: store_panel_sku_shop.nut {
Extraction Status: Succesful
};


file:: panel_equippable_quips_v2.nut {
Extraction Status: Succesful
};


file:: lobby_panel_characters.nut {
Extraction Status: Succesful
};


file:: menu_ranked_info.nut {
Extraction Status: Succesful
};


file:: lobby_panel_season.nut {
Extraction Status: Succesful
};


file:: menu_arenas_buy.nut {
Extraction Status: Succesful
};


file:: panel_character_banners_v2.nut {
Extraction Status: Succesful
};


file:: menu_postgame_freelance.nut {
Extraction Status: Succesful
};


file:: panel_weapon_skins.nut {
Extraction Status: Succesful
};


file:: _footer.nut {
Extraction Status: Succesful
};


file:: panel_video.nut {
Extraction Status: Succesful
};


file:: panel_controls_gamepad.nut {
Extraction Status: Succesful
};


file:: image_pak_load.nut {
Extraction Status: Succesful
};


file:: store_panel_whats_new.nut {
Extraction Status: Succesful
};


file:: store_panel_themed_shop_event.nut {
Extraction Status: Succesful
};


file:: panel_hud_options.nut {
Extraction Status: Succesful
};


file:: combo_buttons.nut {
Extraction Status: Succesful
};


file:: menu_postgame_private_match.nut {
Extraction Status: Succesful
};


file:: menu_clubs_creation.nut {
Extraction Status: Succesful
};


file:: menu_controls_advanced_look.nut {
Extraction Status: Succesful
};


file:: panel_private_match_team_rosters.nut {
Extraction Status: Succesful
};


file:: panel_banner_badges_v2.nut {
Extraction Status: Succesful
};


file:: menu_dialog.nut {
Extraction Status: Succesful
};


file:: _menu_utility.nut {
Extraction Status: Succesful
};


file:: store_panel_heirloom_shop.nut {
Extraction Status: Succesful
};


file:: menu_clubs_user_management.nut {
Extraction Status: Succesful
};


file:: mini_promo.nut {
Extraction Status: Succesful
};


file:: menu_post_game_arenas_ranked.nut {
Extraction Status: Succesful
};


file:: menu_clubs_search.nut {
Extraction Status: Succesful
};


file:: menu_death_screen.nut {
Extraction Status: Succesful
};


file:: menu_challenges.nut {
Extraction Status: Succesful
};


file:: menu_post_game_ranked.nut {
Extraction Status: Succesful
};


file:: menu_lore_reader.nut {
Extraction Status: Succesful
};


file:: menu_post_game_battlepass.nut {
Extraction Status: Succesful
};


file:: lobby_panel_quest.nut {
Extraction Status: Succesful
};


file:: menu_clubs_logo_editor.nut {
Extraction Status: Succesful
};


file:: _tabs.nut {
Extraction Status: Succesful
};


file:: menu_postgame.nut {
Extraction Status: Succesful
};


file:: menu_lobby.nut {
Extraction Status: Succesful
};


file:: store_panel_collection_event.nut {
Extraction Status: Succesful
};


file:: panel_mainmenu.nut {
Extraction Status: Succesful
};


file:: social_event_popup.nut {
Extraction Status: Succesful
};


file:: menu_store_inspect.nut {
Extraction Status: Succesful
};


file:: menu_gamestatus_private_match.nut {
Extraction Status: Succesful
};


file:: menu_gamepad_layout.nut {
Extraction Status: Succesful
};


file:: menu_dev.nut {
Extraction Status: Succesful
};


file:: panel_survival_quick_inventory_v2.nut {
Extraction Status: Succesful
};


file:: menu_comic_reader.nut {
Extraction Status: Succesful
};


file:: survival_ground_list.nut {
Extraction Status: Succesful
};


file:: lobby_panel_store.nut {
Extraction Status: Succesful
};


file:: lobby_panel_club_landing.nut {
Extraction Status: Succesful
};


file:: menu_social.nut {
Extraction Status: Succesful
};


file:: _menus.nut {
Extraction Status: Succesful
};


file:: lobby_panel_play.nut {
Extraction Status: Succesful
};


file:: clui_lobby_panel_pass.nut {
Extraction Status: Succesful
};


file:: panel_clubs_logo_editor_canvas.nut {
Extraction Status: Succesful
};


file:: menu_action_blocks.nut {
Extraction Status: Succesful
};


file:: menu_survival_exit.nut {
Extraction Status: Succesful
};


file:: menu_arenas_report.nut {
Extraction Status: Succesful
};


file:: panel_scoreboard.nut {
Extraction Status: Succesful
};


file:: confirm_exit_to_desktop.nut {
Extraction Status: Succesful
};


file:: error.nut {
Extraction Status: Succesful
};


file:: confirm_keep_video_changes.nut {
Extraction Status: Succesful
};


file:: confirm_kick_club_member.nut {
Extraction Status: Succesful
};


file:: confirm_edit_club.nut {
Extraction Status: Succesful
};


file:: confirm_leave_club.nut {
Extraction Status: Succesful
};


file:: confirm_club_member_rank.nut {
Extraction Status: Succesful
};


file:: confirm_leave_match.nut {
Extraction Status: Succesful
};


file:: panel_select_slot_default.nut {
Extraction Status: Succesful
};


file:: character_skills.nut {
Extraction Status: Succesful
};


file:: confirm_dialog.nut {
Extraction Status: Succesful
};


file:: find_club_member.nut {
Extraction Status: Succesful
};


file:: mode_select.nut {
Extraction Status: Succesful
};


file:: gamemode_select_private_match.nut {
Extraction Status: Succesful
};


file:: code_redemption.nut {
Extraction Status: Succesful
};


file:: report_clubmate.nut {
Extraction Status: Succesful
};


file:: find_friend.nut {
Extraction Status: Succesful
};


file:: private_match_map_select.nut {
Extraction Status: Succesful
};


file:: launch_mission_dialog.nut {
Extraction Status: Succesful
};


file:: low_pop.nut {
Extraction Status: Succesful
};


file:: promo.nut {
Extraction Status: Succesful
};


file:: buffet_event_about.nut {
Extraction Status: Succesful
};


file:: report_player.nut {
Extraction Status: Succesful
};


file:: promoum.nut {
Extraction Status: Succesful
};


file:: confirm_purchase.nut {
Extraction Status: Succesful
};


file:: story_event_about.nut {
Extraction Status: Succesful
};


file:: gamemode_select.nut {
Extraction Status: Succesful
};


file:: arenas_select_optic.nut {
Extraction Status: Succesful
};


file:: panel_select_slot_quips.nut {
Extraction Status: Succesful
};


file:: select_slot.nut {
Extraction Status: Succesful
};


file:: reroll_dialog.nut {
Extraction Status: Succesful
};


file:: ammo_pool_types.txt {
Extraction Status: Succesful
};


file:: weapon_cooldown_types.txt {
Extraction Status: Succesful
};

