------------------------------------------------------
--------------------Extraction Log--------------------
--------------------10/2/2021 2:26:41 AM-------------
------------------------------------------------------


file:: adspull_classes.txt {
Extraction Status: Succesful
};


file:: mp_lobby.bsp {
Extraction Status: Succesful
};


file:: mp_lobby.bsp.007b.bsp_lump {
Extraction Status: Succesful
};


file:: mp_lobby.bsp.007a.bsp_lump {
Extraction Status: Succesful
};


file:: mp_lobby.bsp.0079.bsp_lump {
Extraction Status: Succesful
};


file:: mp_lobby.bsp.0078.bsp_lump {
Extraction Status: Succesful
};


file:: mp_lobby.bsp.0077.bsp_lump {
Extraction Status: Succesful
};


file:: mp_lobby.bsp.0076.bsp_lump {
Extraction Status: Succesful
};


file:: mp_lobby.bsp.0075.bsp_lump {
Extraction Status: Succesful
};


file:: mp_lobby.bsp.0074.bsp_lump {
Extraction Status: Succesful
};


file:: mp_lobby.bsp.0073.bsp_lump {
Extraction Status: Succesful
};


file:: mp_lobby.bsp.0072.bsp_lump {
Extraction Status: Succesful
};


file:: mp_lobby.bsp.0071.bsp_lump {
Extraction Status: Succesful
};


file:: mp_lobby.bsp.0070.bsp_lump {
Extraction Status: Succesful
};


file:: mp_lobby.bsp.006f.bsp_lump {
Extraction Status: Succesful
};


file:: mp_lobby.bsp.006e.bsp_lump {
Extraction Status: Succesful
};


file:: mp_lobby.bsp.006d.bsp_lump {
Extraction Status: Succesful
};


file:: mp_lobby.bsp.006c.bsp_lump {
Extraction Status: Succesful
};


file:: mp_lobby.bsp.006b.bsp_lump {
Extraction Status: Succesful
};


file:: mp_lobby.bsp.006a.bsp_lump {
Extraction Status: Succesful
};


file:: mp_lobby.bsp.0069.bsp_lump {
Extraction Status: Succesful
};


file:: mp_lobby.bsp.0068.bsp_lump {
Extraction Status: Succesful
};


file:: mp_lobby.bsp.0067.bsp_lump {
Extraction Status: Succesful
};


file:: mp_lobby.bsp.0066.bsp_lump {
Extraction Status: Succesful
};


file:: mp_lobby.bsp.0065.bsp_lump {
Extraction Status: Succesful
};


file:: mp_lobby.bsp.0063.bsp_lump {
Extraction Status: Succesful
};


file:: mp_lobby.bsp.0062.bsp_lump {
Extraction Status: Succesful
};


file:: mp_lobby.bsp.0061.bsp_lump {
Extraction Status: Succesful
};


file:: mp_lobby.bsp.0055.bsp_lump {
Extraction Status: Succesful
};


file:: mp_lobby.bsp.0053.bsp_lump {
Extraction Status: Succesful
};


file:: mp_lobby.bsp.0052.bsp_lump {
Extraction Status: Succesful
};


file:: mp_lobby.bsp.0051.bsp_lump {
Extraction Status: Succesful
};


file:: mp_lobby.bsp.0050.bsp_lump {
Extraction Status: Succesful
};


file:: mp_lobby.bsp.004f.bsp_lump {
Extraction Status: Succesful
};


file:: mp_lobby.bsp.004a.bsp_lump {
Extraction Status: Succesful
};


file:: mp_lobby.bsp.0049.bsp_lump {
Extraction Status: Succesful
};


file:: mp_lobby.bsp.0047.bsp_lump {
Extraction Status: Succesful
};


file:: mp_lobby.bsp.0036.bsp_lump {
Extraction Status: Succesful
};


file:: mp_lobby.bsp.002b.bsp_lump {
Extraction Status: Succesful
};


file:: mp_lobby.bsp.002a.bsp_lump {
Extraction Status: Succesful
};


file:: mp_lobby.bsp.0028.bsp_lump {
Extraction Status: Succesful
};


file:: mp_lobby.bsp.0027.bsp_lump {
Extraction Status: Succesful
};


file:: mp_lobby.bsp.0026.bsp_lump {
Extraction Status: Succesful
};


file:: mp_lobby.bsp.0025.bsp_lump {
Extraction Status: Succesful
};


file:: mp_lobby.bsp.0023.bsp_lump {
Extraction Status: Succesful
};


file:: mp_lobby.bsp.001e.bsp_lump {
Extraction Status: Succesful
};


file:: mp_lobby.bsp.0018.bsp_lump {
Extraction Status: Succesful
};


file:: mp_lobby.bsp.0013.bsp_lump {
Extraction Status: Succesful
};


file:: mp_lobby.bsp.0012.bsp_lump {
Extraction Status: Succesful
};


file:: mp_lobby.bsp.0011.bsp_lump {
Extraction Status: Succesful
};


file:: mp_lobby.bsp.0010.bsp_lump {
Extraction Status: Succesful
};


file:: mp_lobby.bsp.000f.bsp_lump {
Extraction Status: Succesful
};


file:: mp_lobby.bsp.000e.bsp_lump {
Extraction Status: Succesful
};


file:: mp_lobby.bsp.0005.bsp_lump {
Extraction Status: Succesful
};


file:: mp_lobby.bsp.0004.bsp_lump {
Extraction Status: Succesful
};


file:: mp_lobby.bsp.0003.bsp_lump {
Extraction Status: Succesful
};


file:: mp_lobby.bsp.0002.bsp_lump {
Extraction Status: Succesful
};


file:: mp_lobby.bsp.0001.bsp_lump {
Extraction Status: Succesful
};


file:: mp_lobby.bsp.0000.bsp_lump {
Extraction Status: Succesful
};


file:: mp_lobby.bsp {
Extraction Status: Succesful
};


file:: mp_lobby.bsp.007b.bsp_lump {
Extraction Status: Succesful
};


file:: mp_lobby.bsp.007a.bsp_lump {
Extraction Status: Succesful
};


file:: mp_lobby.bsp.0079.bsp_lump {
Extraction Status: Succesful
};


file:: mp_lobby.bsp.0078.bsp_lump {
Extraction Status: Succesful
};


file:: mp_lobby.bsp.0077.bsp_lump {
Extraction Status: Succesful
};


file:: mp_lobby.bsp.0076.bsp_lump {
Extraction Status: Succesful
};


file:: mp_lobby.bsp.0075.bsp_lump {
Extraction Status: Succesful
};


file:: mp_lobby.bsp.0074.bsp_lump {
Extraction Status: Succesful
};


file:: mp_lobby.bsp.0073.bsp_lump {
Extraction Status: Succesful
};


file:: mp_lobby.bsp.0072.bsp_lump {
Extraction Status: Succesful
};


file:: mp_lobby.bsp.0071.bsp_lump {
Extraction Status: Succesful
};


file:: mp_lobby.bsp.0070.bsp_lump {
Extraction Status: Succesful
};


file:: mp_lobby.bsp.006f.bsp_lump {
Extraction Status: Succesful
};


file:: mp_lobby.bsp.006e.bsp_lump {
Extraction Status: Succesful
};


file:: mp_lobby.bsp.006d.bsp_lump {
Extraction Status: Succesful
};


file:: mp_lobby.bsp.006c.bsp_lump {
Extraction Status: Succesful
};


file:: mp_lobby.bsp.006b.bsp_lump {
Extraction Status: Succesful
};


file:: mp_lobby.bsp.006a.bsp_lump {
Extraction Status: Succesful
};


file:: mp_lobby.bsp.0069.bsp_lump {
Extraction Status: Succesful
};


file:: mp_lobby.bsp.0068.bsp_lump {
Extraction Status: Succesful
};


file:: mp_lobby.bsp.0067.bsp_lump {
Extraction Status: Succesful
};


file:: mp_lobby.bsp.0066.bsp_lump {
Extraction Status: Succesful
};


file:: mp_lobby.bsp.0065.bsp_lump {
Extraction Status: Succesful
};


file:: mp_lobby.bsp.0063.bsp_lump {
Extraction Status: Succesful
};


file:: mp_lobby.bsp.0062.bsp_lump {
Extraction Status: Succesful
};


file:: mp_lobby.bsp.0061.bsp_lump {
Extraction Status: Succesful
};


file:: mp_lobby.bsp.0055.bsp_lump {
Extraction Status: Succesful
};


file:: mp_lobby.bsp.0053.bsp_lump {
Extraction Status: Succesful
};


file:: mp_lobby.bsp.0052.bsp_lump {
Extraction Status: Succesful
};


file:: mp_lobby.bsp.0051.bsp_lump {
Extraction Status: Succesful
};


file:: mp_lobby.bsp.0050.bsp_lump {
Extraction Status: Succesful
};


file:: mp_lobby.bsp.004f.bsp_lump {
Extraction Status: Succesful
};


file:: mp_lobby.bsp.004a.bsp_lump {
Extraction Status: Succesful
};


file:: mp_lobby.bsp.0049.bsp_lump {
Extraction Status: Succesful
};


file:: mp_lobby.bsp.0047.bsp_lump {
Extraction Status: Succesful
};


file:: mp_lobby.bsp.0036.bsp_lump {
Extraction Status: Succesful
};


file:: mp_lobby.bsp.002b.bsp_lump {
Extraction Status: Succesful
};


file:: mp_lobby.bsp.002a.bsp_lump {
Extraction Status: Succesful
};


file:: mp_lobby.bsp.0028.bsp_lump {
Extraction Status: Succesful
};


file:: mp_lobby.bsp.0027.bsp_lump {
Extraction Status: Succesful
};


file:: mp_lobby.bsp.0026.bsp_lump {
Extraction Status: Succesful
};


file:: mp_lobby.bsp.0025.bsp_lump {
Extraction Status: Succesful
};


file:: mp_lobby.bsp.0023.bsp_lump {
Extraction Status: Succesful
};


file:: mp_lobby.bsp.001e.bsp_lump {
Extraction Status: Succesful
};


file:: mp_lobby.bsp.0018.bsp_lump {
Extraction Status: Succesful
};


file:: mp_lobby.bsp.0013.bsp_lump {
Extraction Status: Succesful
};


file:: mp_lobby.bsp.0012.bsp_lump {
Extraction Status: Succesful
};


file:: mp_lobby.bsp.0011.bsp_lump {
Extraction Status: Succesful
};


file:: mp_lobby.bsp.0010.bsp_lump {
Extraction Status: Succesful
};


file:: mp_lobby.bsp.000f.bsp_lump {
Extraction Status: Succesful
};


file:: mp_lobby.bsp.000e.bsp_lump {
Extraction Status: Succesful
};


file:: mp_lobby.bsp.0005.bsp_lump {
Extraction Status: Succesful
};


file:: mp_lobby.bsp.0004.bsp_lump {
Extraction Status: Succesful
};


file:: mp_lobby.bsp.0003.bsp_lump {
Extraction Status: Succesful
};


file:: mp_lobby.bsp.0002.bsp_lump {
Extraction Status: Succesful
};


file:: mp_lobby.bsp.0001.bsp_lump {
Extraction Status: Succesful
};


file:: mp_lobby.bsp.0000.bsp_lump {
Extraction Status: Succesful
};


file:: mp_lobby_spawn.ent {
Extraction Status: Succesful
};


file:: mp_lobby_snd.ent {
Extraction Status: Succesful
};


file:: mp_lobby_fx.ent {
Extraction Status: Succesful
};


file:: mp_lobby_env.ent {
Extraction Status: Succesful
};


file:: mp_lobby_script.ent {
Extraction Status: Succesful
};


file:: mp_lobby.bsp {
Extraction Status: Succesful
};


file:: mp_lobby.bsp.007a.bsp_lump {
Extraction Status: Succesful
};


file:: mp_lobby.bsp.0077.bsp_lump {
Extraction Status: Succesful
};


file:: mp_lobby.bsp.0069.bsp_lump {
Extraction Status: Succesful
};


file:: mp_lobby.bsp.0068.bsp_lump {
Extraction Status: Succesful
};


file:: mp_lobby.bsp.0067.bsp_lump {
Extraction Status: Succesful
};


file:: mp_lobby.bsp.0065.bsp_lump {
Extraction Status: Succesful
};


file:: mp_lobby.bsp.0062.bsp_lump {
Extraction Status: Succesful
};


file:: mp_lobby.bsp.0061.bsp_lump {
Extraction Status: Succesful
};


file:: mp_lobby.bsp.0023.bsp_lump {
Extraction Status: Succesful
};


file:: mp_lobby.bsp.0004.bsp_lump {
Extraction Status: Succesful
};


file:: mp_lobby.bsp.007b.bsp_lump {
Extraction Status: Succesful
};


file:: mp_lobby.bsp.0079.bsp_lump {
Extraction Status: Succesful
};


file:: mp_lobby.bsp.0078.bsp_lump {
Extraction Status: Succesful
};


file:: mp_lobby.bsp.0076.bsp_lump {
Extraction Status: Succesful
};


file:: mp_lobby.bsp.0075.bsp_lump {
Extraction Status: Succesful
};


file:: mp_lobby.bsp.0074.bsp_lump {
Extraction Status: Succesful
};


file:: mp_lobby.bsp.0073.bsp_lump {
Extraction Status: Succesful
};


file:: mp_lobby.bsp.0072.bsp_lump {
Extraction Status: Succesful
};


file:: mp_lobby.bsp.0071.bsp_lump {
Extraction Status: Succesful
};


file:: mp_lobby.bsp.0070.bsp_lump {
Extraction Status: Succesful
};


file:: mp_lobby.bsp.006f.bsp_lump {
Extraction Status: Succesful
};


file:: mp_lobby.bsp.006e.bsp_lump {
Extraction Status: Succesful
};


file:: mp_lobby.bsp.006d.bsp_lump {
Extraction Status: Succesful
};


file:: mp_lobby.bsp.006c.bsp_lump {
Extraction Status: Succesful
};


file:: mp_lobby.bsp.006b.bsp_lump {
Extraction Status: Succesful
};


file:: mp_lobby.bsp.006a.bsp_lump {
Extraction Status: Succesful
};


file:: mp_lobby.bsp.0066.bsp_lump {
Extraction Status: Succesful
};


file:: mp_lobby.bsp.0063.bsp_lump {
Extraction Status: Succesful
};


file:: mp_lobby.bsp.0055.bsp_lump {
Extraction Status: Succesful
};


file:: mp_lobby.bsp.0053.bsp_lump {
Extraction Status: Succesful
};


file:: mp_lobby.bsp.0052.bsp_lump {
Extraction Status: Succesful
};


file:: mp_lobby.bsp.0051.bsp_lump {
Extraction Status: Succesful
};


file:: mp_lobby.bsp.0050.bsp_lump {
Extraction Status: Succesful
};


file:: mp_lobby.bsp.004f.bsp_lump {
Extraction Status: Succesful
};


file:: mp_lobby.bsp.004a.bsp_lump {
Extraction Status: Succesful
};


file:: mp_lobby.bsp.0049.bsp_lump {
Extraction Status: Succesful
};


file:: mp_lobby.bsp.0047.bsp_lump {
Extraction Status: Succesful
};


file:: mp_lobby.bsp.0036.bsp_lump {
Extraction Status: Succesful
};


file:: mp_lobby.bsp.002b.bsp_lump {
Extraction Status: Succesful
};


file:: mp_lobby.bsp.002a.bsp_lump {
Extraction Status: Succesful
};


file:: mp_lobby.bsp.0028.bsp_lump {
Extraction Status: Succesful
};


file:: mp_lobby.bsp.0027.bsp_lump {
Extraction Status: Succesful
};


file:: mp_lobby.bsp.0026.bsp_lump {
Extraction Status: Succesful
};


file:: mp_lobby.bsp.0025.bsp_lump {
Extraction Status: Succesful
};


file:: mp_lobby.bsp.001e.bsp_lump {
Extraction Status: Succesful
};


file:: mp_lobby.bsp.0018.bsp_lump {
Extraction Status: Succesful
};


file:: mp_lobby.bsp.0013.bsp_lump {
Extraction Status: Succesful
};


file:: mp_lobby.bsp.0012.bsp_lump {
Extraction Status: Succesful
};


file:: mp_lobby.bsp.0011.bsp_lump {
Extraction Status: Succesful
};


file:: mp_lobby.bsp.0010.bsp_lump {
Extraction Status: Succesful
};


file:: mp_lobby.bsp.000f.bsp_lump {
Extraction Status: Succesful
};


file:: mp_lobby.bsp.000e.bsp_lump {
Extraction Status: Succesful
};


file:: mp_lobby.bsp.0005.bsp_lump {
Extraction Status: Succesful
};


file:: mp_lobby.bsp.0003.bsp_lump {
Extraction Status: Succesful
};


file:: mp_lobby.bsp.0002.bsp_lump {
Extraction Status: Succesful
};


file:: mp_lobby.bsp.0001.bsp_lump {
Extraction Status: Succesful
};


file:: mp_lobby.bsp.0000.bsp_lump {
Extraction Status: Succesful
};


file:: player_is_hurt.raw {
Extraction Status: Succesful
};


file:: menu.raw {
Extraction Status: Succesful
};


file:: status_effect_types.txt {
Extraction Status: Succesful
};


file:: propdata.txt {
Extraction Status: Succesful
};


file:: npc_dropship_respawn.txt {
Extraction Status: Succesful
};


file:: npc_dropship_intro.txt {
Extraction Status: Succesful
};


file:: base_vehicle.txt {
Extraction Status: Succesful
};


file:: npc_dropship.txt {
Extraction Status: Succesful
};


file:: npc_training_dummy.txt {
Extraction Status: Succesful
};


file:: npc_frag_drone_treasure_tick.txt {
Extraction Status: Succesful
};


file:: npc_frag_drone.txt {
Extraction Status: Succesful
};


file:: npc_marvin.txt {
Extraction Status: Succesful
};


file:: npc_prowler.txt {
Extraction Status: Succesful
};


file:: npc_dummie_combat.txt {
Extraction Status: Succesful
};


file:: classes.txt {
Extraction Status: Succesful
};


file:: damagedefs.txt {
Extraction Status: Succesful
};


file:: melee_rampart_wrench.txt {
Extraction Status: Succesful
};


file:: ragdoll_human.txt {
Extraction Status: Succesful
};


file:: pilot_slide.txt {
Extraction Status: Succesful
};


file:: none.txt {
Extraction Status: Succesful
};


file:: ability_warp.txt {
Extraction Status: Succesful
};


file:: titan_exp_ground.txt {
Extraction Status: Succesful
};


file:: bullet_mastiff.txt {
Extraction Status: Succesful
};


file:: inc_bullet.txt {
Extraction Status: Succesful
};


file:: bullet_energy_shotgun.txt {
Extraction Status: Succesful
};


file:: pulse_bullet.txt {
Extraction Status: Succesful
};


file:: melee_ai.txt {
Extraction Status: Succesful
};


file:: jump_pad_destruction.txt {
Extraction Status: Succesful
};


file:: droppod_impact.txt {
Extraction Status: Succesful
};


file:: black_market_activation.txt {
Extraction Status: Succesful
};


file:: exp_mortar_ring_missle.txt {
Extraction Status: Succesful
};


file:: dropship_dust.txt {
Extraction Status: Succesful
};


file:: exp_deployable_cover.txt {
Extraction Status: Succesful
};


file:: mobile_respawn_dust.txt {
Extraction Status: Succesful
};


file:: human_land_jetwash.txt {
Extraction Status: Succesful
};


file:: jetwash_hv1.txt {
Extraction Status: Succesful
};


file:: pilot_landing.txt {
Extraction Status: Succesful
};


file:: hover_vehicle_impact_hard.txt {
Extraction Status: Succesful
};


file:: bounce_dirty_bomb.txt {
Extraction Status: Succesful
};


file:: exp_dirty_bomb.txt {
Extraction Status: Succesful
};


file:: jump_pad_bounce_no_sound.txt {
Extraction Status: Succesful
};


file:: melee_prowler.txt {
Extraction Status: Succesful
};


file:: melee_spectre.txt {
Extraction Status: Succesful
};


file:: exp_medium.txt {
Extraction Status: Succesful
};


file:: physobject_frag.txt {
Extraction Status: Succesful
};


file:: bounce_small.txt {
Extraction Status: Succesful
};


file:: exp_translocator_bounce.txt {
Extraction Status: Succesful
};


file:: nova_repulsor.txt {
Extraction Status: Succesful
};


file:: grapple_disallowed.txt {
Extraction Status: Succesful
};


file:: exp_drone_emp.txt {
Extraction Status: Succesful
};


file:: exp_rocket_archer.txt {
Extraction Status: Succesful
};


file:: physobject_default.txt {
Extraction Status: Succesful
};


file:: jump_pad.txt {
Extraction Status: Succesful
};


file:: physobject_arcblade.txt {
Extraction Status: Succesful
};


file:: default_nosound.txt {
Extraction Status: Succesful
};


file:: pilot_footstep.txt {
Extraction Status: Succesful
};


file:: bounce_small_nosound.txt {
Extraction Status: Succesful
};


file:: physobject_ammo_hard.txt {
Extraction Status: Succesful
};


file:: physobject_vest_soft.txt {
Extraction Status: Succesful
};


file:: physobject_ammo_soft.txt {
Extraction Status: Succesful
};


file:: physobject_mags_hard.txt {
Extraction Status: Succesful
};


file:: physobject_mags_soft.txt {
Extraction Status: Succesful
};


file:: physobject_vest_hard.txt {
Extraction Status: Succesful
};


file:: physobject_voidring.txt {
Extraction Status: Succesful
};


file:: physobject_cyn_medkit.txt {
Extraction Status: Succesful
};


file:: hover_vehicle_impact_light.txt {
Extraction Status: Succesful
};


file:: prowler_bodyfall.txt {
Extraction Status: Succesful
};


file:: pilot_bodyslam.txt {
Extraction Status: Succesful
};


file:: exp_fuse_tac_bomb.txt {
Extraction Status: Succesful
};


file:: exp_frag_grenade.txt {
Extraction Status: Succesful
};


file:: physobject_helmet_hard.txt {
Extraction Status: Succesful
};


file:: physobject_helmet_soft.txt {
Extraction Status: Succesful
};


file:: default_nosound_nowhizby.txt {
Extraction Status: Succesful
};


file:: bounce_small_nosound_nowhizby.txt {
Extraction Status: Succesful
};


file:: physobject_wpn_ar_hard.txt {
Extraction Status: Succesful
};


file:: physobject_wpn_ar_soft.txt {
Extraction Status: Succesful
};


file:: exp_fuse_tac_bomb_secondary_explo.txt {
Extraction Status: Succesful
};


file:: physobject_att_sup_soft.txt {
Extraction Status: Succesful
};


file:: physobject_att_sup_hard.txt {
Extraction Status: Succesful
};


file:: pilot_footstep_emote.txt {
Extraction Status: Succesful
};


file:: physobject_wpn_smg_hard.txt {
Extraction Status: Succesful
};


file:: physobject_wpn_smg_soft.txt {
Extraction Status: Succesful
};


file:: exp_fuse_tac_bomb_first_explo.txt {
Extraction Status: Succesful
};


file:: space_elevator_bounce_table.txt {
Extraction Status: Succesful
};


file:: bounce_mortar_ring_missle.txt {
Extraction Status: Succesful
};


file:: physobject_lootball_soft.txt {
Extraction Status: Succesful
};


file:: pilot_bodyslam_small.txt {
Extraction Status: Succesful
};


file:: exp_arc_cannon.txt {
Extraction Status: Succesful
};


file:: physobject_lootball_hard.txt {
Extraction Status: Succesful
};


file:: exp_rocket_cluster_secondary.txt {
Extraction Status: Succesful
};


file:: bangalore_rocket_impacts.txt {
Extraction Status: Succesful
};


file:: exp_monarch_beam_lg_v1.txt {
Extraction Status: Succesful
};


file:: physobject_att_scope_hard.txt {
Extraction Status: Succesful
};


file:: physobject_att_scope_soft.txt {
Extraction Status: Succesful
};


file:: exp_valk_rocket.txt {
Extraction Status: Succesful
};


file:: physobject_batteryshield.txt {
Extraction Status: Succesful
};


file:: exp_creeping_barrage.txt {
Extraction Status: Succesful
};


file:: physobject_wpn_pistol_soft.txt {
Extraction Status: Succesful
};


file:: physobject_wpn_pistol_hard.txt {
Extraction Status: Succesful
};


file:: physobject_wpn_sniper_hard.txt {
Extraction Status: Succesful
};


file:: physobject_wpn_sniper_soft.txt {
Extraction Status: Succesful
};


file:: exp_grenade_gas.txt {
Extraction Status: Succesful
};


file:: exp_emp.txt {
Extraction Status: Succesful
};


file:: physobject_wpn_shotgun_soft.txt {
Extraction Status: Succesful
};


file:: physobject_wpn_shotgun_hard.txt {
Extraction Status: Succesful
};


file:: physobject_small_medkit_soft.txt {
Extraction Status: Succesful
};


file:: physobject_large_medkit_soft.txt {
Extraction Status: Succesful
};


file:: physobject_large_medkit_hard.txt {
Extraction Status: Succesful
};


file:: physobject_small_medkit_hard.txt {
Extraction Status: Succesful
};


file:: exp_energy_ar_charged_amp.txt {
Extraction Status: Succesful
};


file:: exp_energy_ar_charged.txt {
Extraction Status: Succesful
};


file:: physobject_small_backpack_soft.txt {
Extraction Status: Succesful
};


file:: physobject_large_backpack_hard.txt {
Extraction Status: Succesful
};


file:: physobject_small_backpack_hard.txt {
Extraction Status: Succesful
};


file:: physobject_large_backpack_soft.txt {
Extraction Status: Succesful
};


file:: exp_creeping_barrage_detonation.txt {
Extraction Status: Succesful
};


file:: deployable_cover_bounce_table.txt {
Extraction Status: Succesful
};


file:: jump_pad_bounce_table.txt {
Extraction Status: Succesful
};


file:: exp_mortar_volley_land.txt {
Extraction Status: Succesful
};


file:: echo_locator_bounce_table.txt {
Extraction Status: Succesful
};


file:: exp_rocket_dumbfire.txt {
Extraction Status: Succesful
};


file:: bounce_arc.txt {
Extraction Status: Succesful
};


file:: exp_ability_silence.txt {
Extraction Status: Succesful
};


file:: exp_defender.txt {
Extraction Status: Succesful
};


file:: black_market_placement.txt {
Extraction Status: Succesful
};


file:: lstar_amp.txt {
Extraction Status: Succesful
};


file:: physobject_beacon_capsule.txt {
Extraction Status: Succesful
};


file:: exp_creeping_barrage_land.txt {
Extraction Status: Succesful
};


file:: lstar.txt {
Extraction Status: Succesful
};


file:: grapple.txt {
Extraction Status: Succesful
};


file:: grapple_extract.txt {
Extraction Status: Succesful
};


file:: default.txt {
Extraction Status: Succesful
};


file:: rampart_execution_overkill.txt {
Extraction Status: Succesful
};


file:: titan_bullet.txt {
Extraction Status: Succesful
};


file:: mobile_respawn_beacon.txt {
Extraction Status: Succesful
};


file:: doubletake_bullet.txt {
Extraction Status: Succesful
};


file:: melee_human.txt {
Extraction Status: Succesful
};


file:: exp_defender_small.txt {
Extraction Status: Succesful
};


file:: exp_artillery_plasma.txt {
Extraction Status: Succesful
};


file:: default_far_sniper.txt {
Extraction Status: Succesful
};


file:: hammer_point_bullet.txt {
Extraction Status: Succesful
};


file:: shield_breaker_bullet.txt {
Extraction Status: Succesful
};


file:: melee_bhaxe.txt {
Extraction Status: Succesful
};


file:: default_far.txt {
Extraction Status: Succesful
};


file:: melee_baton.txt {
Extraction Status: Succesful
};


file:: melee_gurkha.txt {
Extraction Status: Succesful
};


file:: melee_kunai.txt {
Extraction Status: Succesful
};


file:: melee_gloves.txt {
Extraction Status: Succesful
};


file:: melee_mir_statue.txt {
Extraction Status: Succesful
};


file:: melee_scythe.txt {
Extraction Status: Succesful
};


file:: melee_club.txt {
Extraction Status: Succesful
};


file:: melee_knife.txt {
Extraction Status: Succesful
};


file:: bow_shatter.txt {
Extraction Status: Succesful
};


file:: melee_casutic_hammer.txt {
Extraction Status: Succesful
};


file:: bullet_pb_random.txt {
Extraction Status: Succesful
};


file:: bow.txt {
Extraction Status: Succesful
};


file:: mp_lobby.rson {
Extraction Status: Succesful
};


file:: vgui_fullscreen.res {
Extraction Status: Succesful
};


file:: vgui_icon.res {
Extraction Status: Succesful
};


file:: vgui_binding.res {
Extraction Status: Succesful
};


file:: vgui_fullscreen_pilot.res {
Extraction Status: Succesful
};


file:: vgui_xpbar.res {
Extraction Status: Succesful
};


file:: movie_display_screen.res {
Extraction Status: Succesful
};


file:: vgui_fullscreen_titan.res {
Extraction Status: Succesful
};


file:: vgui_callsign_menu.res {
Extraction Status: Succesful
};


file:: vgui_control_panel_generic.res {
Extraction Status: Succesful
};


file:: coop_teamscoreeventnotification.res {
Extraction Status: Succesful
};


file:: vgui_enemy_announce.res {
Extraction Status: Succesful
};


file:: vgui_jump_quest.res {
Extraction Status: Succesful
};


file:: rampart_turret.txt {
Extraction Status: Succesful
};


file:: classes.txt {
Extraction Status: Succesful
};


file:: proto_at_turret.txt {
Extraction Status: Succesful
};


file:: sat_strike_turret.txt {
Extraction Status: Succesful
};


file:: droppod_fireteam_turret.txt {
Extraction Status: Succesful
};


file:: redeye_turret.txt {
Extraction Status: Succesful
};


file:: redeye_turret_ai.txt {
Extraction Status: Succesful
};


file:: turret_imc_lrg.txt {
Extraction Status: Succesful
};


file:: sh_survival_loot_types.gnut {
Extraction Status: Succesful
};


file:: cl_vscript.gnut {
Extraction Status: Succesful
};


file:: _dev_remote_functions_mp.gnut {
Extraction Status: Succesful
};


file:: sh_dialogue_schedule.gnut {
Extraction Status: Succesful
};


file:: sh_playermatchstate.gnut {
Extraction Status: Succesful
};


file:: sh_tasklist.gnut {
Extraction Status: Succesful
};


file:: sh_live_api.gnut {
Extraction Status: Succesful
};


file:: sh_mp_utility.gnut {
Extraction Status: Succesful
};


file:: sh_wave_spawn_on_squad.gnut {
Extraction Status: Succesful
};


file:: cl_globals.gnut {
Extraction Status: Succesful
};


file:: sh_network_marker.gnut {
Extraction Status: Succesful
};


file:: sh_dialogue.gnut {
Extraction Status: Succesful
};


file:: sh_survival_persistentdamagelayer.gnut {
Extraction Status: Succesful
};


file:: sh_scoreboard.gnut {
Extraction Status: Succesful
};


file:: cl_entitystructs.gnut {
Extraction Status: Succesful
};


file:: _onscreen_hints.gnut {
Extraction Status: Succesful
};


file:: _ultimates.gnut {
Extraction Status: Succesful
};


file:: sh_extended_use.gnut {
Extraction Status: Succesful
};


file:: loot_ceremony_lighting_rig.gnut {
Extraction Status: Succesful
};


file:: sh_score.gnut {
Extraction Status: Succesful
};


file:: sh_flag.gnut {
Extraction Status: Succesful
};


file:: cl_mapspawn.gnut {
Extraction Status: Succesful
};


file:: sh_damage_utility.gnut {
Extraction Status: Succesful
};


file:: cl_teams_scoreboard.gnut {
Extraction Status: Succesful
};


file:: sh_minimap.gnut {
Extraction Status: Succesful
};


file:: cl_survival_ship.gnut {
Extraction Status: Succesful
};


file:: sh_sneak_peek.gnut {
Extraction Status: Succesful
};


file:: sh_anim_events.gnut {
Extraction Status: Succesful
};


file:: sh_clientmusic.gnut {
Extraction Status: Succesful
};


file:: sh_death_package.gnut {
Extraction Status: Succesful
};


file:: sh_codecallbacks.gnut {
Extraction Status: Succesful
};


file:: sh_debug_draw.gnut {
Extraction Status: Succesful
};


file:: sh_paths_preprocess.gnut {
Extraction Status: Succesful
};


file:: sh_dev_tests.gnut {
Extraction Status: Succesful
};


file:: _sh_init.gnut {
Extraction Status: Succesful
};


file:: _trigger_functions.gnut {
Extraction Status: Succesful
};


file:: sh_spawn_near_squad.gnut {
Extraction Status: Succesful
};


file:: sh_survival_loot_actions.gnut {
Extraction Status: Succesful
};


file:: sh_flightpath.gnut {
Extraction Status: Succesful
};


file:: sh_anim_windows.gnut {
Extraction Status: Succesful
};


file:: sh_survival_equipment_slot.gnut {
Extraction Status: Succesful
};


file:: _remote_functions_mp.gnut {
Extraction Status: Succesful
};


file:: sh_damage_history.gnut {
Extraction Status: Succesful
};


file:: sh_flightpath_utility.gnut {
Extraction Status: Succesful
};


file:: sh_flyers.gnut {
Extraction Status: Succesful
};


file:: sh_resource_system.gnut {
Extraction Status: Succesful
};


file:: sh_hover_vehicle.gnut {
Extraction Status: Succesful
};


file:: sh_sp_dialogue.gnut {
Extraction Status: Succesful
};


file:: sh_survival_freefall.gnut {
Extraction Status: Succesful
};


file:: sh_highlight.gnut {
Extraction Status: Succesful
};


file:: sh_waypoints.gnut {
Extraction Status: Succesful
};


file:: sh_survival_deathfield.gnut {
Extraction Status: Succesful
};


file:: sh_survival_loot.gnut {
Extraction Status: Succesful
};


file:: cl_networkvars.gnut {
Extraction Status: Succesful
};


file:: sh_timer.gnut {
Extraction Status: Succesful
};


file:: sh_anim_aliases.gnut {
Extraction Status: Succesful
};


file:: sh_observer_live_logs.gnut {
Extraction Status: Succesful
};


file:: sh_evac_ship_precache.nut {
Extraction Status: Succesful
};


file:: sh_treasure_extraction_precache.nut {
Extraction Status: Succesful
};


file:: sh_ability_shadow_zombie.nut {
Extraction Status: Succesful
};


file:: sh_treasure_extraction.nut {
Extraction Status: Succesful
};


file:: sh_damage_types.nut {
Extraction Status: Succesful
};


file:: sh_bird_cluster.nut {
Extraction Status: Succesful
};


file:: sh_map_zones.nut {
Extraction Status: Succesful
};


file:: sh_player_pet.nut {
Extraction Status: Succesful
};


file:: sh_evac_ship.nut {
Extraction Status: Succesful
};


file:: sh_loot_vault_panel.nut {
Extraction Status: Succesful
};


file:: sh_apex_screens.nut {
Extraction Status: Succesful
};


file:: cl_survival_loot.nut {
Extraction Status: Succesful
};


file:: sh_doors.nut {
Extraction Status: Succesful
};


file:: cl_survival_inventory.nut {
Extraction Status: Succesful
};


file:: _utility_shared.nut {
Extraction Status: Succesful
};


file:: sh_breach_and_clear_precache.nut {
Extraction Status: Succesful
};


file:: cl_ai_suicide_spectres.gnut {
Extraction Status: Succesful
};


file:: sh_autoplayer.gnut {
Extraction Status: Succesful
};


file:: c_baseentity.nut {
Extraction Status: Succesful
};


file:: c_player.nut {
Extraction Status: Succesful
};


file:: cl_fullmap.gnut {
Extraction Status: Succesful
};


file:: cl_dpad_hud.gnut {
Extraction Status: Succesful
};


file:: cl_zipline.gnut {
Extraction Status: Succesful
};


file:: cl_utility_mp.gnut {
Extraction Status: Succesful
};


file:: cl_spectator_mode_audio.gnut {
Extraction Status: Succesful
};


file:: cl_event_notification.gnut {
Extraction Status: Succesful
};


file:: cl_richpresence.gnut {
Extraction Status: Succesful
};


file:: cl_goblin_dropship.gnut {
Extraction Status: Succesful
};


file:: cl_player_common.gnut {
Extraction Status: Succesful
};


file:: cl_radial_menu.gnut {
Extraction Status: Succesful
};


file:: cl_kill_replay_hud.gnut {
Extraction Status: Succesful
};


file:: cl_codecallbacks.gnut {
Extraction Status: Succesful
};


file:: cl_passives.gnut {
Extraction Status: Succesful
};


file:: cl_utility_menu.gnut {
Extraction Status: Succesful
};


file:: cl_respawnselect.gnut {
Extraction Status: Succesful
};


file:: cl_indicators_hud.gnut {
Extraction Status: Succesful
};


file:: cl_anim.gnut {
Extraction Status: Succesful
};


file:: cl_live_api.gnut {
Extraction Status: Succesful
};


file:: cl_screenfade.gnut {
Extraction Status: Succesful
};


file:: cl_pip.gnut {
Extraction Status: Succesful
};


file:: cl_obituary.gnut {
Extraction Status: Succesful
};


file:: cl_rumble.gnut {
Extraction Status: Succesful
};


file:: cl_bleedout.gnut {
Extraction Status: Succesful
};


file:: cl_codecallbacks_mp.gnut {
Extraction Status: Succesful
};


file:: cl_squad_display.gnut {
Extraction Status: Succesful
};


file:: cl_data_knife.gnut {
Extraction Status: Succesful
};


file:: cl_announcement.gnut {
Extraction Status: Succesful
};


file:: cl_damage_indicator.gnut {
Extraction Status: Succesful
};


file:: cl_gamestate.gnut {
Extraction Status: Succesful
};


file:: cl_utility.gnut {
Extraction Status: Succesful
};


file:: cl_player.gnut {
Extraction Status: Succesful
};


file:: cl_minimap.gnut {
Extraction Status: Succesful
};


file:: cl_death_screen.gnut {
Extraction Status: Succesful
};


file:: cl_entity_creation_functions.gnut {
Extraction Status: Succesful
};


file:: cl_observer_live_logs.gnut {
Extraction Status: Succesful
};


file:: cl_arenas_scoreboard.nut {
Extraction Status: Succesful
};


file:: cl_scoreboard_mp.nut {
Extraction Status: Succesful
};


file:: cl_main_hud.nut {
Extraction Status: Succesful
};


file:: _cl_model_viewer.nut {
Extraction Status: Succesful
};


file:: cl_draconis_flyin.nut {
Extraction Status: Succesful
};


file:: cl_spectre.nut {
Extraction Status: Succesful
};


file:: cl_drone_crypto.nut {
Extraction Status: Succesful
};


file:: cl_drone_medic.nut {
Extraction Status: Succesful
};


file:: cl_super_spectre.nut {
Extraction Status: Succesful
};


file:: cl_goblin_dropship.nut {
Extraction Status: Succesful
};


file:: cl_control_panel.nut {
Extraction Status: Succesful
};


file:: cl_hud.gnut {
Extraction Status: Succesful
};


file:: cl_weapon_status.gnut {
Extraction Status: Succesful
};


file:: cl_custom_use_prompt.gnut {
Extraction Status: Succesful
};


file:: cl_conversation_schedule.gnut {
Extraction Status: Succesful
};


file:: cl_spectre_chatter_mp.gnut {
Extraction Status: Succesful
};


file:: sh_spectre_chatter_mp.gnut {
Extraction Status: Succesful
};


file:: cl_survival_commentary.gnut {
Extraction Status: Succesful
};


file:: sh_survival_commentary.gnut {
Extraction Status: Succesful
};


file:: cl_conversation.gnut {
Extraction Status: Succesful
};


file:: _encounters.gnut {
Extraction Status: Succesful
};


file:: mission_checkpoints.gnut {
Extraction Status: Succesful
};


file:: freelance_mode_s05_end.gnut {
Extraction Status: Succesful
};


file:: freelance_mode_nightrun.gnut {
Extraction Status: Succesful
};


file:: freelance_mode.gnut {
Extraction Status: Succesful
};


file:: freelance_npcs.gnut {
Extraction Status: Succesful
};


file:: cl_freelance.nut {
Extraction Status: Succesful
};


file:: sh_gamemodes_mp.gnut {
Extraction Status: Succesful
};


file:: _frontline.gnut {
Extraction Status: Succesful
};


file:: sh_dev_gamemodes_mp.gnut {
Extraction Status: Succesful
};


file:: sh_gamemode_tdm.nut {
Extraction Status: Succesful
};


file:: sh_gamemode_armed_drop.nut {
Extraction Status: Succesful
};


file:: sh_gamemode_glow_zones.nut {
Extraction Status: Succesful
};


file:: sh_gamemode_ace_takeover.nut {
Extraction Status: Succesful
};


file:: sh_arenas_post_round_summary.nut {
Extraction Status: Succesful
};


file:: sh_gamemode_recruit.nut {
Extraction Status: Succesful
};


file:: sh_arenas_common.nut {
Extraction Status: Succesful
};


file:: sh_gamemode_auto_cards.nut {
Extraction Status: Succesful
};


file:: sh_gamemode_aprilfools_s8.nut {
Extraction Status: Succesful
};


file:: sh_gamemode_death_trigger.nut {
Extraction Status: Succesful
};


file:: sh_gamemode_shield_regen.nut {
Extraction Status: Succesful
};


file:: sh_gamemode_airdropextra.nut {
Extraction Status: Succesful
};


file:: sh_gamemode_campfire.nut {
Extraction Status: Succesful
};


file:: sh_gamemode_explore.nut {
Extraction Status: Succesful
};


file:: sh_gamemode_shadow_royale.nut {
Extraction Status: Succesful
};


file:: sh_arenas_buy_system.nut {
Extraction Status: Succesful
};


file:: sh_gamemode_arenas.nut {
Extraction Status: Succesful
};


file:: cl_gamemode_survival.nut {
Extraction Status: Succesful
};


file:: sh_gamemode_shadow_squad.nut {
Extraction Status: Succesful
};


file:: sh_gamemode_ringcollapse.nut {
Extraction Status: Succesful
};


file:: cl_lobby.gnut {
Extraction Status: Succesful
};


file:: sh_weapon_inspect.gnut {
Extraction Status: Succesful
};


file:: sh_teams.gnut {
Extraction Status: Succesful
};


file:: sh_shellshock.gnut {
Extraction Status: Succesful
};


file:: firing_range.gnut {
Extraction Status: Succesful
};


file:: sh_supply_ship.gnut {
Extraction Status: Succesful
};


file:: _hatch_bunkers.gnut {
Extraction Status: Succesful
};


file:: sh_cash_station.gnut {
Extraction Status: Succesful
};


file:: sh_bleedout.gnut {
Extraction Status: Succesful
};


file:: _sh_tutorial.gnut {
Extraction Status: Succesful
};


file:: sh_jump_pads.gnut {
Extraction Status: Succesful
};


file:: sh_skydive_launchers.gnut {
Extraction Status: Succesful
};


file:: sh_charge_pylons.gnut {
Extraction Status: Succesful
};


file:: sh_space_elevator.gnut {
Extraction Status: Succesful
};


file:: sh_lootbin.gnut {
Extraction Status: Succesful
};


file:: sh_gas.gnut {
Extraction Status: Succesful
};


file:: sh_airdrops.gnut {
Extraction Status: Succesful
};


file:: sh_warp_gates.gnut {
Extraction Status: Succesful
};


file:: sh_respawn_beacon.gnut {
Extraction Status: Succesful
};


file:: sh_survival_training.gnut {
Extraction Status: Succesful
};


file:: sh_game_state_dialog.nut {
Extraction Status: Succesful
};


file:: sh_skydive_launchers_precache.nut {
Extraction Status: Succesful
};


file:: sh_common_story_events.nut {
Extraction Status: Succesful
};


file:: sh_canyonlands_story_events.nut {
Extraction Status: Succesful
};


file:: sh_characterinfo.nut {
Extraction Status: Succesful
};


file:: sh_canyonlands_caustic_lore.nut {
Extraction Status: Succesful
};


file:: sh_epilogue.nut {
Extraction Status: Succesful
};


file:: sh_sniper_tower.nut {
Extraction Status: Succesful
};


file:: sh_loot_rollers.nut {
Extraction Status: Succesful
};


file:: sh_loot_drones.nut {
Extraction Status: Succesful
};


file:: sh_gondola_mover.nut {
Extraction Status: Succesful
};


file:: sh_rising_walls.nut {
Extraction Status: Succesful
};


file:: sh_crypto_underground_screens.nut {
Extraction Status: Succesful
};


file:: sh_caustic_tt.nut {
Extraction Status: Succesful
};


file:: sh_explosive_loot_hold.nut {
Extraction Status: Succesful
};


file:: sh_rampart_tt.nut {
Extraction Status: Succesful
};


file:: sh_olympus_story_events.nut {
Extraction Status: Succesful
};


file:: sh_emotes.nut {
Extraction Status: Succesful
};


file:: sh_mirage_voyage.nut {
Extraction Status: Succesful
};


file:: sh_loot_marvin.nut {
Extraction Status: Succesful
};


file:: sh_desertlands_train.nut {
Extraction Status: Succesful
};


file:: sh_firing_range_story_events.nut {
Extraction Status: Succesful
};


file:: sh_desertlands_story_events.nut {
Extraction Status: Succesful
};


file:: sh_comms_menu.nut {
Extraction Status: Succesful
};


file:: sh_bloodhound_tt.nut {
Extraction Status: Succesful
};


file:: sh_crafting.nut {
Extraction Status: Succesful
};


file:: npc_precache_prowler.nut {
Extraction Status: Succesful
};


file:: npc_precache_all.nut {
Extraction Status: Succesful
};


file:: npc_precache_marvin.nut {
Extraction Status: Succesful
};


file:: ob_nightrun_example.nut {
Extraction Status: Succesful
};


file:: sh_breach_and_clear.nut {
Extraction Status: Succesful
};


file:: ob_nightrun_linear_assault_fixed_defend.nut {
Extraction Status: Succesful
};


file:: _objectives.gnut {
Extraction Status: Succesful
};


file:: cl_pilot_passive_repair.gnut {
Extraction Status: Succesful
};


file:: sh_pilot_passive_gunner.gnut {
Extraction Status: Succesful
};


file:: _pilot_passive_grenadier.gnut {
Extraction Status: Succesful
};


file:: cl_pilot_passive_adrenaline.gnut {
Extraction Status: Succesful
};


file:: cl_pilot_passive_soft_landings.gnut {
Extraction Status: Succesful
};


file:: sh_pilot_gun_shield.gnut {
Extraction Status: Succesful
};


file:: sh_pilot_leeching.gnut {
Extraction Status: Succesful
};


file:: cl_pilot_health_hud.gnut {
Extraction Status: Succesful
};


file:: sh_pilot_passive_voices.gnut {
Extraction Status: Succesful
};


file:: _pilot_passive_medic.gnut {
Extraction Status: Succesful
};


file:: sh_pilot_tracking_vision.gnut {
Extraction Status: Succesful
};


file:: cl_pilot_tracking_vision.gnut {
Extraction Status: Succesful
};


file:: cl_pilot_passive_cover_fire.gnut {
Extraction Status: Succesful
};


file:: _ors_wallpanels.gnut {
Extraction Status: Succesful
};


file:: sh_sentry_turrets.gnut {
Extraction Status: Succesful
};


file:: sk_patrol.nut {
Extraction Status: Succesful
};


file:: sk_example_simple.nut {
Extraction Status: Succesful
};


file:: sk_example_threads.nut {
Extraction Status: Succesful
};


file:: sk_example_flags.nut {
Extraction Status: Succesful
};


file:: sk_example_localdata.nut {
Extraction Status: Succesful
};


file:: sk_example_npcs.nut {
Extraction Status: Succesful
};


file:: sk_example_resources.nut {
Extraction Status: Succesful
};


file:: _skit_flags.gnut {
Extraction Status: Succesful
};


file:: _skits.gnut {
Extraction Status: Succesful
};


file:: _skit_npcs.gnut {
Extraction Status: Succesful
};


file:: cl_unitframes.gnut {
Extraction Status: Succesful
};


file:: sh_deployable.gnut {
Extraction Status: Succesful
};


file:: sh_stim.gnut {
Extraction Status: Succesful
};


file:: sh_silence.gnut {
Extraction Status: Succesful
};


file:: _weapon_reactive_effects.gnut {
Extraction Status: Succesful
};


file:: sh_smart_ammo.gnut {
Extraction Status: Succesful
};


file:: sh_sonar.gnut {
Extraction Status: Succesful
};


file:: sh_phase_shift.gnut {
Extraction Status: Succesful
};


file:: cl_smart_ammo.gnut {
Extraction Status: Succesful
};


file:: mp_weapon_mobile_hmg.nut {
Extraction Status: Succesful
};


file:: _weapon_dialogue.nut {
Extraction Status: Succesful
};


file:: mp_weapon_mirage_statue_primary.nut {
Extraction Status: Succesful
};


file:: mp_weapon_lifeline_baton_primary.nut {
Extraction Status: Succesful
};


file:: melee_mirage_statue.nut {
Extraction Status: Succesful
};


file:: mp_weapon_pathfinder_gloves_primary.nut {
Extraction Status: Succesful
};


file:: melee_boxing_ring.nut {
Extraction Status: Succesful
};


file:: melee_lifeline_baton.nut {
Extraction Status: Succesful
};


file:: melee_pathfinder_gloves.nut {
Extraction Status: Succesful
};


file:: mp_weapon_wraith_kunai_primary.nut {
Extraction Status: Succesful
};


file:: mp_weapon_melee_boxing_ring.nut {
Extraction Status: Succesful
};


file:: mp_weapon_bloodhound_axe_primary.nut {
Extraction Status: Succesful
};


file:: melee_gibraltar_club.nut {
Extraction Status: Succesful
};


file:: melee_revenant_scythe.nut {
Extraction Status: Succesful
};


file:: weapon_cubemap.nut {
Extraction Status: Succesful
};


file:: mp_weapon_octane_knife_primary.nut {
Extraction Status: Succesful
};


file:: melee_bloodhound_axe.nut {
Extraction Status: Succesful
};


file:: mp_weapon_shadow_squad_hands_primary.nut {
Extraction Status: Succesful
};


file:: melee_caustic_hammer.nut {
Extraction Status: Succesful
};


file:: mp_weapon_vinson.nut {
Extraction Status: Succesful
};


file:: melee_shadowsquad_hands.nut {
Extraction Status: Succesful
};


file:: mp_ability_cloak.nut {
Extraction Status: Succesful
};


file:: mp_weapon_hemlok.nut {
Extraction Status: Succesful
};


file:: mp_ability_item_spawner.nut {
Extraction Status: Succesful
};


file:: mp_weapon_wingman.nut {
Extraction Status: Succesful
};


file:: mp_weapon_sniper.nut {
Extraction Status: Succesful
};


file:: mp_weapon_rspn101.nut {
Extraction Status: Succesful
};


file:: mp_weapon_defender_sustained.nut {
Extraction Status: Succesful
};


file:: mp_weapon_shotgun_pistol.nut {
Extraction Status: Succesful
};


file:: mp_weapon_dmr.nut {
Extraction Status: Succesful
};


file:: mp_weapon_defender.nut {
Extraction Status: Succesful
};


file:: mp_weapon_caustic_hammer_primary.nut {
Extraction Status: Succesful
};


file:: mp_weapon_grenade_emp.nut {
Extraction Status: Succesful
};


file:: mp_weapon_volt_smg.nut {
Extraction Status: Succesful
};


file:: mp_weapon_mastiff.nut {
Extraction Status: Succesful
};


file:: mp_weapon_alternator_smg.nut {
Extraction Status: Succesful
};


file:: melee_wraith_kunai.nut {
Extraction Status: Succesful
};


file:: mp_weapon_energy_shotgun.nut {
Extraction Status: Succesful
};


file:: melee_rampart_wrench.nut {
Extraction Status: Succesful
};


file:: melee_octane_knife.nut {
Extraction Status: Succesful
};


file:: mp_weapon_doubletake.nut {
Extraction Status: Succesful
};


file:: mp_ability_heal.nut {
Extraction Status: Succesful
};


file:: mp_weapon_basic_bolt.nut {
Extraction Status: Succesful
};


file:: mp_ability_space_elevator_tac.nut {
Extraction Status: Succesful
};


file:: mp_weapon_rampart_wrench_primary.nut {
Extraction Status: Succesful
};


file:: mp_weapon_shotgun.nut {
Extraction Status: Succesful
};


file:: mp_weapon_lstar.nut {
Extraction Status: Succesful
};


file:: mp_weapon_grenade_gas.nut {
Extraction Status: Succesful
};


file:: mp_weapon_jump_pad.nut {
Extraction Status: Succesful
};


file:: mp_weapon_creaturebait.nut {
Extraction Status: Succesful
};


file:: mp_weapon_energy_ar.nut {
Extraction Status: Succesful
};


file:: mp_weapon_semipistol.nut {
Extraction Status: Succesful
};


file:: mp_weapon_3030.nut {
Extraction Status: Succesful
};


file:: sh_incap_shield.nut {
Extraction Status: Succesful
};


file:: mp_ability_phase_walk.nut {
Extraction Status: Succesful
};


file:: mp_weapon_lmg.nut {
Extraction Status: Succesful
};


file:: mp_weapon_creeping_bombardment_weapon.nut {
Extraction Status: Succesful
};


file:: mp_weapon_grenade_defensive_bombardment.nut {
Extraction Status: Succesful
};


file:: mp_ability_mirage_ultimate.nut {
Extraction Status: Succesful
};


file:: mp_weapon_grenade_creeping_bombardment.nut {
Extraction Status: Succesful
};


file:: sh_care_package.nut {
Extraction Status: Succesful
};


file:: mp_weapon_deployable_cover.nut {
Extraction Status: Succesful
};


file:: mp_ability_care_package.nut {
Extraction Status: Succesful
};


file:: mp_ability_panic_button.nut {
Extraction Status: Succesful
};


file:: mp_ability_silence.nut {
Extraction Status: Succesful
};


file:: mp_weapon_bubble_bunker.nut {
Extraction Status: Succesful
};


file:: mp_weapon_zipline.nut {
Extraction Status: Succesful
};


file:: mp_weapon_mounted_turret_weapon.nut {
Extraction Status: Succesful
};


file:: mp_weapon_cluster_bomb_launcher.nut {
Extraction Status: Succesful
};


file:: mp_ability_grapple.nut {
Extraction Status: Succesful
};


file:: mp_ability_area_sonar_scan.nut {
Extraction Status: Succesful
};


file:: mp_ability_valk_jets.nut {
Extraction Status: Succesful
};


file:: mp_weapon_grenade_bangalore.nut {
Extraction Status: Succesful
};


file:: mp_weapon_thermite_grenade.nut {
Extraction Status: Succesful
};


file:: mp_ability_hunt_mode.nut {
Extraction Status: Succesful
};


file:: _grenade.nut {
Extraction Status: Succesful
};


file:: mp_weapon_mortar_ring.nut {
Extraction Status: Succesful
};


file:: mp_weapon_incap_shield.nut {
Extraction Status: Succesful
};


file:: mp_ability_crypto_drone_emp.nut {
Extraction Status: Succesful
};


file:: mp_weapon_bow.nut {
Extraction Status: Succesful
};


file:: mp_ability_emote_projector.nut {
Extraction Status: Succesful
};


file:: mp_weapon_dragon_lmg.nut {
Extraction Status: Succesful
};


file:: mp_weapon_dirty_bomb.nut {
Extraction Status: Succesful
};


file:: mp_ability_valk_cluster_missile.nut {
Extraction Status: Succesful
};


file:: mp_ability_gibraltar_shield.nut {
Extraction Status: Succesful
};


file:: _arc_cannon.nut {
Extraction Status: Succesful
};


file:: mp_ability_holopilot.nut {
Extraction Status: Succesful
};


file:: mp_ability_sonic_blast.nut {
Extraction Status: Succesful
};


file:: mp_ability_heartbeat_sensor.nut {
Extraction Status: Succesful
};


file:: mp_weapon_sentinel.nut {
Extraction Status: Succesful
};


file:: mp_weapon_cover_wall.nut {
Extraction Status: Succesful
};


file:: mp_ability_mobile_respawn_beacon.nut {
Extraction Status: Succesful
};


file:: mp_weapon_mortar_ring_missile.nut {
Extraction Status: Succesful
};


file:: mp_weapon_black_hole.nut {
Extraction Status: Succesful
};


file:: mp_ability_valk_skyward.nut {
Extraction Status: Succesful
};


file:: mp_weapon_mounted_turret_placeable.nut {
Extraction Status: Succesful
};


file:: mp_ability_revenant_death_totem.nut {
Extraction Status: Succesful
};


file:: mp_weapon_deployable_medic.nut {
Extraction Status: Succesful
};


file:: mp_ability_void_ring.nut {
Extraction Status: Succesful
};


file:: _vortex.nut {
Extraction Status: Succesful
};


file:: mp_ability_consumable.nut {
Extraction Status: Succesful
};


file:: mp_ability_echo_locator.nut {
Extraction Status: Succesful
};


file:: mp_weapon_phase_tunnel.nut {
Extraction Status: Succesful
};


file:: mp_weapon_trophy_defense_system.nut {
Extraction Status: Succesful
};


file:: mp_ability_crypto_drone.nut {
Extraction Status: Succesful
};


file:: mp_weapon_tesla_trap.nut {
Extraction Status: Succesful
};


file:: _weapon_utility.nut {
Extraction Status: Succesful
};


file:: mp_ability_sonar.nut {
Extraction Status: Succesful
};


file:: mp_weapon_melee_primary.nut {
Extraction Status: Succesful
};


file:: mp_weapon_g2.nut {
Extraction Status: Succesful
};


file:: mp_weapon_r97.nut {
Extraction Status: Succesful
};


file:: mp_weapon_esaw.nut {
Extraction Status: Succesful
};


file:: melee_bangalore_heirloom.nut {
Extraction Status: Succesful
};


file:: mp_weapon_bangalore_heirloom_primary.nut {
Extraction Status: Succesful
};


file:: mp_weapon_gibraltar_club_primary.nut {
Extraction Status: Succesful
};


file:: mp_weapon_revenant_scythe_primary.nut {
Extraction Status: Succesful
};


file:: mp_weapon_mounted_turret_weapon.txt {
Extraction Status: Succesful
};


file:: melee_shadowroyale_hands.txt {
Extraction Status: Succesful
};


file:: melee_shadowsquad_hands.txt {
Extraction Status: Succesful
};


file:: melee_rampart_wrench.txt {
Extraction Status: Succesful
};


file:: _base_character_mods.txt {
Extraction Status: Succesful
};


file:: mp_weapon_rampart_wrench_primary.txt {
Extraction Status: Succesful
};


file:: _base_lmg.txt {
Extraction Status: Succesful
};


file:: mp_weapon_shadow_squad_hands_primary.txt {
Extraction Status: Succesful
};


file:: mp_ability_heartbeat_sensor.txt {
Extraction Status: Succesful
};


file:: mp_ability_valk_cluster_missile.txt {
Extraction Status: Succesful
};


file:: mp_weapon_jump_pad.txt {
Extraction Status: Succesful
};


file:: mp_weapon_bubble_bunker.txt {
Extraction Status: Succesful
};


file:: _base_marksman_weapon.txt {
Extraction Status: Succesful
};


file:: mp_weapon_cover_wall.txt {
Extraction Status: Succesful
};


file:: mp_weapon_deployable_medic.txt {
Extraction Status: Succesful
};


file:: _base_smg.txt {
Extraction Status: Succesful
};


file:: mp_ability_crypto_drone.txt {
Extraction Status: Succesful
};


file:: _base_shotgun.txt {
Extraction Status: Succesful
};


file:: mp_weapon_black_hole.txt {
Extraction Status: Succesful
};


file:: _base_handgun.txt {
Extraction Status: Succesful
};


file:: _base_assault_rifle.txt {
Extraction Status: Succesful
};


file:: _base_optics_cq.txt {
Extraction Status: Succesful
};


file:: mp_ability_space_elevator_tac.txt {
Extraction Status: Succesful
};


file:: mp_weapon_tesla_trap.txt {
Extraction Status: Succesful
};


file:: mp_weapon_dirty_bomb.txt {
Extraction Status: Succesful
};


file:: mp_weapon_dmr.txt {
Extraction Status: Succesful
};


file:: _base_sniper.txt {
Extraction Status: Succesful
};


file:: mp_weapon_mounted_turret_placeable.txt {
Extraction Status: Succesful
};


file:: mp_weapon_trophy_defense_system.txt {
Extraction Status: Succesful
};


file:: mp_weapon_semipistol.txt {
Extraction Status: Succesful
};


file:: mp_weapon_frag_grenade.txt {
Extraction Status: Succesful
};


file:: mp_weapon_shotgun_pistol.txt {
Extraction Status: Succesful
};


file:: mp_weapon_autopistol.txt {
Extraction Status: Succesful
};


file:: mp_weapon_wingman.txt {
Extraction Status: Succesful
};


file:: mp_weapon_pdw.txt {
Extraction Status: Succesful
};


file:: mp_weapon_mastiff.txt {
Extraction Status: Succesful
};


file:: mp_weapon_r97.txt {
Extraction Status: Succesful
};


file:: mp_weapon_thermite_grenade.txt {
Extraction Status: Succesful
};


file:: mp_weapon_hemlok.txt {
Extraction Status: Succesful
};


file:: mp_weapon_shotgun.txt {
Extraction Status: Succesful
};


file:: mp_weapon_alternator_smg.txt {
Extraction Status: Succesful
};


file:: mp_weapon_rspn101.txt {
Extraction Status: Succesful
};


file:: mp_weapon_vinson.txt {
Extraction Status: Succesful
};


file:: mp_weapon_esaw.txt {
Extraction Status: Succesful
};


file:: mp_weapon_g2.txt {
Extraction Status: Succesful
};


file:: mp_weapon_mobile_hmg.txt {
Extraction Status: Succesful
};


file:: mp_weapon_3030.txt {
Extraction Status: Succesful
};


file:: mp_weapon_dragon_lmg.txt {
Extraction Status: Succesful
};


file:: mp_weapon_doubletake.txt {
Extraction Status: Succesful
};


file:: mp_weapon_lstar.txt {
Extraction Status: Succesful
};


file:: mp_weapon_sentinel.txt {
Extraction Status: Succesful
};


file:: viewkick_patterns.txt {
Extraction Status: Succesful
};


file:: mp_weapon_bow.txt {
Extraction Status: Succesful
};


file:: mp_ability_sonic_blast.txt {
Extraction Status: Succesful
};


file:: mp_ability_echo_locator.txt {
Extraction Status: Succesful
};


file:: mp_weapon_energy_ar.txt {
Extraction Status: Succesful
};


file:: _base_projectile_ricochet.txt {
Extraction Status: Succesful
};


file:: _base_ability.txt {
Extraction Status: Succesful
};


file:: _base_shotgun_bolts.txt {
Extraction Status: Succesful
};


file:: _base_mags_sniper.txt {
Extraction Status: Succesful
};


file:: _base_mags_energy.txt {
Extraction Status: Succesful
};


file:: _base_mags_heavy.txt {
Extraction Status: Succesful
};


file:: _base_mags_light.txt {
Extraction Status: Succesful
};


file:: weapon_cubemap.txt {
Extraction Status: Succesful
};


file:: _base_ability_tactical.txt {
Extraction Status: Succesful
};


file:: _base_barrels_large.txt {
Extraction Status: Succesful
};


file:: _base_barrels_medium.txt {
Extraction Status: Succesful
};


file:: melee_lifeline_baton.txt {
Extraction Status: Succesful
};


file:: melee_bloodhound_axe.txt {
Extraction Status: Succesful
};


file:: melee_mirage_statue.txt {
Extraction Status: Succesful
};


file:: melee_octane_knife.txt {
Extraction Status: Succesful
};


file:: melee_gibraltar_club.txt {
Extraction Status: Succesful
};


file:: melee_pathfinder_gloves.txt {
Extraction Status: Succesful
};


file:: melee_wraith_kunai.txt {
Extraction Status: Succesful
};


file:: melee_caustic_hammer.txt {
Extraction Status: Succesful
};


file:: melee_bangalore_heirloom.txt {
Extraction Status: Succesful
};


file:: _base_ability_ultimate.txt {
Extraction Status: Succesful
};


file:: melee_revenant_scythe.txt {
Extraction Status: Succesful
};


file:: _base_optics.txt {
Extraction Status: Succesful
};


file:: mp_weapon_lifeline_baton_primary.txt {
Extraction Status: Succesful
};


file:: mp_weapon_bloodhound_axe_primary.txt {
Extraction Status: Succesful
};


file:: mp_weapon_pathfinder_gloves_primary.txt {
Extraction Status: Succesful
};


file:: ammo_suck_behaviors.txt {
Extraction Status: Succesful
};


file:: mp_weapon_bangalore_heirloom_primary.txt {
Extraction Status: Succesful
};


file:: _base_melee.txt {
Extraction Status: Succesful
};


file:: _base_optics_cq_threat.txt {
Extraction Status: Succesful
};


file:: _base_barrels.txt {
Extraction Status: Succesful
};


file:: mp_weapon_gibraltar_club_primary.txt {
Extraction Status: Succesful
};


file:: mp_weapon_caustic_hammer_primary.txt {
Extraction Status: Succesful
};


file:: mp_weapon_creeping_bombardment_weapon.txt {
Extraction Status: Succesful
};


file:: mp_weapon_revenant_scythe_primary.txt {
Extraction Status: Succesful
};


file:: mp_weapon_defensive_bombardment_weapon.txt {
Extraction Status: Succesful
};


file:: mp_ability_crypto_drone_emp.txt {
Extraction Status: Succesful
};


file:: mp_ability_panic_button.txt {
Extraction Status: Succesful
};


file:: mp_ability_care_package.txt {
Extraction Status: Succesful
};


file:: _base_assault_rifle_optics.txt {
Extraction Status: Succesful
};


file:: _base_lmg_optics.txt {
Extraction Status: Succesful
};


file:: _base_optics_ranged.txt {
Extraction Status: Succesful
};


file:: melee_pilot_emptyhanded.txt {
Extraction Status: Succesful
};


file:: mp_ability_valk_skyward.txt {
Extraction Status: Succesful
};


file:: mp_weapon_mirage_statue_primary.txt {
Extraction Status: Succesful
};


file:: mp_ability_mobile_respawn_beacon.txt {
Extraction Status: Succesful
};


file:: _base_stocks_tactical.txt {
Extraction Status: Succesful
};


file:: mp_weapon_octane_knife_primary.txt {
Extraction Status: Succesful
};


file:: mp_weapon_wraith_kunai_primary.txt {
Extraction Status: Succesful
};


file:: _base_smg_optics.txt {
Extraction Status: Succesful
};


file:: _base_marksman_weapon_optics.txt {
Extraction Status: Succesful
};


file:: _base_handgun_optics.txt {
Extraction Status: Succesful
};


file:: mp_ability_item_spawner.txt {
Extraction Status: Succesful
};


file:: mp_ability_mirage_ultimate.txt {
Extraction Status: Succesful
};


file:: blast_patterns.txt {
Extraction Status: Succesful
};


file:: mp_ability_heal.txt {
Extraction Status: Succesful
};


file:: mp_ability_hunt_mode.txt {
Extraction Status: Succesful
};


file:: mp_ability_holopilot.txt {
Extraction Status: Succesful
};


file:: mp_ability_black_market.txt {
Extraction Status: Succesful
};


file:: mp_weapon_melee_survival.txt {
Extraction Status: Succesful
};


file:: mp_ability_revenant_death_totem.txt {
Extraction Status: Succesful
};


file:: mp_ability_grapple.txt {
Extraction Status: Succesful
};


file:: _base_sniper_optics.txt {
Extraction Status: Succesful
};


file:: _base_optics_fullscreen.txt {
Extraction Status: Succesful
};


file:: _base_stocks_sniper.txt {
Extraction Status: Succesful
};


file:: mp_ability_area_sonar_scan.txt {
Extraction Status: Succesful
};


file:: mp_weapon_incap_shield.txt {
Extraction Status: Succesful
};


file:: mp_weapon_cluster_bomb.txt {
Extraction Status: Succesful
};


file:: mp_ability_silence.txt {
Extraction Status: Succesful
};


file:: mp_ability_emote_projector.txt {
Extraction Status: Succesful
};


file:: mp_ability_valk_jets.txt {
Extraction Status: Succesful
};


file:: mp_ability_void_ring.txt {
Extraction Status: Succesful
};


file:: mp_weapon_mortar_ring_missle.txt {
Extraction Status: Succesful
};


file:: mp_ability_translocation.txt {
Extraction Status: Succesful
};


file:: mp_weapon_grenade_creeping_bombardment.txt {
Extraction Status: Succesful
};


file:: mp_weapon_phase_tunnel.txt {
Extraction Status: Succesful
};


file:: mp_ability_phase_walk.txt {
Extraction Status: Succesful
};


file:: mp_weapon_grenade_defensive_bombardment.txt {
Extraction Status: Succesful
};


file:: mp_weapon_grenade_bangalore.txt {
Extraction Status: Succesful
};


file:: mp_ability_gibraltar_shield.txt {
Extraction Status: Succesful
};


file:: mp_weapon_cluster_bomb_launcher.txt {
Extraction Status: Succesful
};


file:: mp_weapon_grenade_gas.txt {
Extraction Status: Succesful
};


file:: mp_weapon_mortar_ring.txt {
Extraction Status: Succesful
};


file:: mp_weapon_sniper.txt {
Extraction Status: Succesful
};


file:: mp_weapon_zipline.txt {
Extraction Status: Succesful
};


file:: mp_weapon_grenade_emp.txt {
Extraction Status: Succesful
};


file:: mp_ability_consumable.txt {
Extraction Status: Succesful
};


file:: mp_weapon_defender.txt {
Extraction Status: Succesful
};


file:: mp_weapon_volt_smg.txt {
Extraction Status: Succesful
};


file:: mp_weapon_lmg.txt {
Extraction Status: Succesful
};


file:: mp_weapon_energy_shotgun.txt {
Extraction Status: Succesful
};


file:: springs.txt {
Extraction Status: Succesful
};

