------------------------------------------------------
--------------------Extraction Log--------------------
--------------------10/2/2021 2:30:52 AM-------------
------------------------------------------------------


file:: hover_vehicle_scrape.txt {
Extraction Status: Succesful
};


file:: mp_rr_olympus_mu1.rson {
Extraction Status: Succesful
};


file:: mp_rr_olympus_mu1.rson {
Extraction Status: Succesful
};


file:: cl_mp_rr_olympus_mu1.nut {
Extraction Status: Succesful
};


file:: mp_rr_olympus_common.nut {
Extraction Status: Succesful
};


file:: sh_pathfinder_tt_common.nut {
Extraction Status: Succesful
};


file:: mp_weapon_melee_boxing_ring.txt {
Extraction Status: Succesful
};


file:: melee_boxing_ring.txt {
Extraction Status: Succesful
};

